#
# There is insufficient memory for the Java Runtime Environment to continue.
# Native memory allocation (malloc) failed to allocate 774576 bytes. Error detail: Chunk::new
# Possible reasons:
#   The system is out of physical RAM or swap space
#   This process is running with CompressedOops enabled, and the Java Heap may be blocking the growth of the native heap
# Possible solutions:
#   Reduce memory load on the system
#   Increase physical memory or swap space
#   Check if swap backing store is full
#   Decrease Java heap size (-Xmx/-Xms)
#   Decrease number of Java threads
#   Decrease Java thread stack sizes (-Xss)
#   Set larger code cache with -XX:ReservedCodeCacheSize=
#   JVM is running with Zero Based Compressed Oops mode in which the Java heap is
#     placed in the first 32GB address space. The Java Heap base address is the
#     maximum limit for the native heap growth. Please use -XX:HeapBaseMinAddress
#     to set the Java Heap base and to place the Java Heap above 32GB virtual address.
# This output file may be truncated or incomplete.
#
#  Out of Memory Error (arena.cpp:149), pid=14500, tid=12632
#
# JRE version: OpenJDK Runtime Environment (23.0.2+7) (build 23.0.2+7-58)
# Java VM: OpenJDK 64-Bit Server VM (23.0.2+7-58, mixed mode, sharing, tiered, compressed oops, compressed class ptrs, g1 gc, windows-amd64)
# No core dump will be written. Minidumps are not enabled by default on client versions of Windows
#

---------------  S U M M A R Y ------------

Command Line: -javaagent:C:\Program Files\JetBrains\IntelliJ IDEA 2024.3.2\lib\idea_rt.jar=51656:C:\Program Files\JetBrains\IntelliJ IDEA 2024.3.2\bin -Dfile.encoding=UTF-8 -Dsun.stdout.encoding=UTF-8 -Dsun.stderr.encoding=UTF-8 snakegame.ui.MainScreen

Host: AMD Ryzen 7 5700U with Radeon Graphics         , 16 cores, 15G,  Windows 10 , 64 bit Build 19041 (10.0.19041.5915)
Time: Wed Jan  7 21:51:01 2026 Novosibirsk Standard Time elapsed time: 0.761969 seconds (0d 0h 0m 0s)

---------------  T H R E A D  ---------------

Current thread (0x000002a2342562d0):  JavaThread "C2 CompilerThread0" daemon [_thread_in_native, id=12632, stack(0x000000e3ab600000,0x000000e3ab700000) (1024K)]


Current CompileTask:
C2:762 1252       4       jdk.internal.util.xml.impl.Parser::step (891 bytes)

Stack: [0x000000e3ab600000,0x000000e3ab700000]
Native frames: (J=compiled Java code, j=interpreted, Vv=VM code, C=native code)
V  [jvm.dll+0x6e0b99]  (no source info available)
V  [jvm.dll+0x87e2b3]  (no source info available)
V  [jvm.dll+0x88073e]  (no source info available)
V  [jvm.dll+0x880e13]  (no source info available)
V  [jvm.dll+0x27b006]  (no source info available)
V  [jvm.dll+0xbc06f]  (no source info available)
V  [jvm.dll+0xbc2cb]  (no source info available)
V  [jvm.dll+0x3b3c22]  (no source info available)
V  [jvm.dll+0x38a55b]  (no source info available)
V  [jvm.dll+0x3899ca]  (no source info available)
V  [jvm.dll+0x244ba1]  (no source info available)
V  [jvm.dll+0x243eff]  (no source info available)
V  [jvm.dll+0x1c34b0]  (no source info available)
V  [jvm.dll+0x253df1]  (no source info available)
V  [jvm.dll+0x2520aa]  (no source info available)
V  [jvm.dll+0x3ee226]  (no source info available)
V  [jvm.dll+0x8254cb]  (no source info available)
V  [jvm.dll+0x6df345]  (no source info available)
C  [ucrtbase.dll+0x21bb2]  (no source info available)
C  [KERNEL32.DLL+0x17374]  (no source info available)
C  [ntdll.dll+0x4cc91]  (no source info available)

Lock stack of current Java thread (top to bottom):


---------------  P R O C E S S  ---------------

Threads class SMR info:
_java_thread_list=0x000002a27a1fabf0, length=22, elements={
0x000002a21463f1d0, 0x000002a234242c20, 0x000002a2342447f0, 0x000002a234245250,
0x000002a234246000, 0x000002a234246a60, 0x000002a2342494d0, 0x000002a2342562d0,
0x000002a23425e9c0, 0x000002a23455ee40, 0x000002a23425fe30, 0x000002a234260500,
0x000002a234261970, 0x000002a23473ac20, 0x000002a23473d2a0, 0x000002a23425f090,
0x000002a27a170ec0, 0x000002a27a178430, 0x000002a27a179bf0, 0x000002a234260bd0,
0x000002a27a22bfe0, 0x000002a2342612a0
}

Java Threads: ( => current thread )
  0x000002a21463f1d0 JavaThread "main"                              [_thread_in_native, id=4724, stack(0x000000e3aa800000,0x000000e3aa900000) (1024K)]
  0x000002a234242c20 JavaThread "Reference Handler"          daemon [_thread_blocked, id=5064, stack(0x000000e3ab000000,0x000000e3ab100000) (1024K)]
  0x000002a2342447f0 JavaThread "Finalizer"                  daemon [_thread_blocked, id=6376, stack(0x000000e3ab100000,0x000000e3ab200000) (1024K)]
  0x000002a234245250 JavaThread "Signal Dispatcher"          daemon [_thread_blocked, id=16840, stack(0x000000e3ab200000,0x000000e3ab300000) (1024K)]
  0x000002a234246000 JavaThread "Attach Listener"            daemon [_thread_in_vm, id=13388, stack(0x000000e3ab300000,0x000000e3ab400000) (1024K)]
  0x000002a234246a60 JavaThread "Service Thread"             daemon [_thread_blocked, id=15020, stack(0x000000e3ab400000,0x000000e3ab500000) (1024K)]
  0x000002a2342494d0 JavaThread "Monitor Deflation Thread"   daemon [_thread_blocked, id=12476, stack(0x000000e3ab500000,0x000000e3ab600000) (1024K)]
=>0x000002a2342562d0 JavaThread "C2 CompilerThread0"         daemon [_thread_in_native, id=12632, stack(0x000000e3ab600000,0x000000e3ab700000) (1024K)]
  0x000002a23425e9c0 JavaThread "C1 CompilerThread0"         daemon [_thread_blocked, id=9424, stack(0x000000e3ab700000,0x000000e3ab800000) (1024K)]
  0x000002a23455ee40 JavaThread "Common-Cleaner"             daemon [_thread_blocked, id=14668, stack(0x000000e3ab800000,0x000000e3ab900000) (1024K)]
  0x000002a23425fe30 JavaThread "C1 CompilerThread1"         daemon [_thread_blocked, id=2804, stack(0x000000e3ab900000,0x000000e3aba00000) (1024K)]
  0x000002a234260500 JavaThread "C1 CompilerThread2"         daemon [_thread_blocked, id=15056, stack(0x000000e3aba00000,0x000000e3abb00000) (1024K)]
  0x000002a234261970 JavaThread "C2 CompilerThread1"         daemon [_thread_in_native, id=7632, stack(0x000000e3abb00000,0x000000e3abc00000) (1024K)]
  0x000002a23473ac20 JavaThread "Monitor Ctrl-Break"         daemon [_thread_in_native, id=10232, stack(0x000000e3abc00000,0x000000e3abd00000) (1024K)]
  0x000002a23473d2a0 JavaThread "Notification Thread"        daemon [_thread_blocked, id=4988, stack(0x000000e3abd00000,0x000000e3abe00000) (1024K)]
  0x000002a23425f090 JavaThread "C1 CompilerThread3"         daemon [_thread_blocked, id=4160, stack(0x000000e3abe00000,0x000000e3abf00000) (1024K)]
  0x000002a27a170ec0 JavaThread "Java2D Disposer"            daemon [_thread_blocked, id=4008, stack(0x000000e3ac000000,0x000000e3ac100000) (1024K)]
  0x000002a27a178430 JavaThread "AWT-Shutdown"                      [_thread_blocked, id=8424, stack(0x000000e3ac100000,0x000000e3ac200000) (1024K)]
  0x000002a27a179bf0 JavaThread "AWT-Windows"                daemon [_thread_in_native, id=17552, stack(0x000000e3ac200000,0x000000e3ac300000) (1024K)]
  0x000002a234260bd0 JavaThread "C2 CompilerThread2"         daemon [_thread_blocked, id=17672, stack(0x000000e3abf00000,0x000000e3ac000000) (1024K)]
  0x000002a27a22bfe0 JavaThread "Image Fetcher 0"            daemon [_thread_blocked, id=16108, stack(0x000000e3ac300000,0x000000e3ac400000) (1024K)]
  0x000002a2342612a0 JavaThread "C2 CompilerThread3"         daemon [_thread_in_native, id=4224, stack(0x000000e3ac400000,0x000000e3ac500000) (1024K)]
Total: 22

Other Threads:
  0x000002a23422af50 VMThread "VM Thread"                           [id=18424, stack(0x000000e3aaf00000,0x000000e3ab000000) (1024K)]
  0x000002a234219730 WatcherThread "VM Periodic Task Thread"        [id=5312, stack(0x000000e3aae00000,0x000000e3aaf00000) (1024K)]
  0x000002a2146a8840 WorkerThread "GC Thread#0"                     [id=16828, stack(0x000000e3aa900000,0x000000e3aaa00000) (1024K)]
  0x000002a2146d8fc0 ConcurrentGCThread "G1 Main Marker"            [id=5604, stack(0x000000e3aaa00000,0x000000e3aab00000) (1024K)]
  0x000002a2146db9e0 WorkerThread "G1 Conc#0"                       [id=6332, stack(0x000000e3aab00000,0x000000e3aac00000) (1024K)]
  0x000002a2340edb70 ConcurrentGCThread "G1 Refine#0"               [id=3744, stack(0x000000e3aac00000,0x000000e3aad00000) (1024K)]
  0x000002a2340ef210 ConcurrentGCThread "G1 Service"                [id=17964, stack(0x000000e3aad00000,0x000000e3aae00000) (1024K)]
Total: 7

Threads with active compile tasks:
C2 CompilerThread0  854 1252       4       jdk.internal.util.xml.impl.Parser::step (891 bytes)
C2 CompilerThread1  854 1399       4       java.lang.AbstractStringBuilder::append (45 bytes)
C2 CompilerThread3  854 1413       4       java.lang.StringBuilder::toString (20 bytes)
Total: 3

VM state: not at safepoint (normal execution)

VM Mutex/Monitor currently owned by a thread: None

Heap address: 0x000000070a800000, size: 3928 MB, Compressed Oops mode: Zero based, Oop shift amount: 3

CDS archive(s) mapped at: [0x000002a235000000-0x000002a235d70000-0x000002a235d70000), size 14090240, SharedBaseAddress: 0x000002a235000000, ArchiveRelocationMode: 1.
Compressed class space mapped at: 0x000002a236000000-0x000002a276000000, reserved size: 1073741824
Narrow klass base: 0x000002a235000000, Narrow klass shift: 0, Narrow klass range: 0x41000000

GC Precious Log:
 CardTable entry size: 512
 Card Set container configuration: InlinePtr #cards 4 size 8 Array Of Cards #cards 16 size 48 Howl #buckets 8 coarsen threshold 3686 Howl Bitmap #cards 512 size 80 coarsen threshold 460 Card regions per heap region 1 cards per card region 4096
 CPUs: 16 total, 16 available
 Memory: 15709M
 Large Page Support: Disabled
 NUMA Support: Disabled
 Compressed Oops: Enabled (Zero based)
 Heap Region Size: 2M
 Heap Min Capacity: 8M
 Heap Initial Capacity: 246M
 Heap Max Capacity: 3928M
 Pre-touch: Disabled
 Parallel Workers: 13
 Concurrent Workers: 3
 Concurrent Refinement Workers: 13
 Periodic GC: Disabled

Heap:
 garbage-first heap   total reserved 4022272K, committed 251904K, used 14336K [0x000000070a800000, 0x0000000800000000)
  region size 2048K, 9 young (18432K), 0 survivors (0K)
 Metaspace       used 10642K, committed 11008K, reserved 1114112K
  class space    used 1171K, committed 1344K, reserved 1048576K

Heap Regions: E=young(eden), S=young(survivor), O=old, HS=humongous(starts), HC=humongous(continues), CS=collection set, F=free, TAMS=top-at-mark-start, PB=parsable bottom
|   0|0x000000070a800000, 0x000000070a800000, 0x000000070aa00000|  0%| F|  |TAMS 0x000000070a800000| PB 0x000000070a800000| Untracked |  0
|   1|0x000000070aa00000, 0x000000070aa00000, 0x000000070ac00000|  0%| F|  |TAMS 0x000000070aa00000| PB 0x000000070aa00000| Untracked |  0
|   2|0x000000070ac00000, 0x000000070ac00000, 0x000000070ae00000|  0%| F|  |TAMS 0x000000070ac00000| PB 0x000000070ac00000| Untracked |  0
|   3|0x000000070ae00000, 0x000000070ae00000, 0x000000070b000000|  0%| F|  |TAMS 0x000000070ae00000| PB 0x000000070ae00000| Untracked |  0
|   4|0x000000070b000000, 0x000000070b000000, 0x000000070b200000|  0%| F|  |TAMS 0x000000070b000000| PB 0x000000070b000000| Untracked |  0
|   5|0x000000070b200000, 0x000000070b200000, 0x000000070b400000|  0%| F|  |TAMS 0x000000070b200000| PB 0x000000070b200000| Untracked |  0
|   6|0x000000070b400000, 0x000000070b400000, 0x000000070b600000|  0%| F|  |TAMS 0x000000070b400000| PB 0x000000070b400000| Untracked |  0
|   7|0x000000070b600000, 0x000000070b600000, 0x000000070b800000|  0%| F|  |TAMS 0x000000070b600000| PB 0x000000070b600000| Untracked |  0
|   8|0x000000070b800000, 0x000000070b800000, 0x000000070ba00000|  0%| F|  |TAMS 0x000000070b800000| PB 0x000000070b800000| Untracked |  0
|   9|0x000000070ba00000, 0x000000070ba00000, 0x000000070bc00000|  0%| F|  |TAMS 0x000000070ba00000| PB 0x000000070ba00000| Untracked |  0
|  10|0x000000070bc00000, 0x000000070bc00000, 0x000000070be00000|  0%| F|  |TAMS 0x000000070bc00000| PB 0x000000070bc00000| Untracked |  0
|  11|0x000000070be00000, 0x000000070be00000, 0x000000070c000000|  0%| F|  |TAMS 0x000000070be00000| PB 0x000000070be00000| Untracked |  0
|  12|0x000000070c000000, 0x000000070c000000, 0x000000070c200000|  0%| F|  |TAMS 0x000000070c000000| PB 0x000000070c000000| Untracked |  0
|  13|0x000000070c200000, 0x000000070c200000, 0x000000070c400000|  0%| F|  |TAMS 0x000000070c200000| PB 0x000000070c200000| Untracked |  0
|  14|0x000000070c400000, 0x000000070c400000, 0x000000070c600000|  0%| F|  |TAMS 0x000000070c400000| PB 0x000000070c400000| Untracked |  0
|  15|0x000000070c600000, 0x000000070c600000, 0x000000070c800000|  0%| F|  |TAMS 0x000000070c600000| PB 0x000000070c600000| Untracked |  0
|  16|0x000000070c800000, 0x000000070c800000, 0x000000070ca00000|  0%| F|  |TAMS 0x000000070c800000| PB 0x000000070c800000| Untracked |  0
|  17|0x000000070ca00000, 0x000000070ca00000, 0x000000070cc00000|  0%| F|  |TAMS 0x000000070ca00000| PB 0x000000070ca00000| Untracked |  0
|  18|0x000000070cc00000, 0x000000070cc00000, 0x000000070ce00000|  0%| F|  |TAMS 0x000000070cc00000| PB 0x000000070cc00000| Untracked |  0
|  19|0x000000070ce00000, 0x000000070ce00000, 0x000000070d000000|  0%| F|  |TAMS 0x000000070ce00000| PB 0x000000070ce00000| Untracked |  0
|  20|0x000000070d000000, 0x000000070d000000, 0x000000070d200000|  0%| F|  |TAMS 0x000000070d000000| PB 0x000000070d000000| Untracked |  0
|  21|0x000000070d200000, 0x000000070d200000, 0x000000070d400000|  0%| F|  |TAMS 0x000000070d200000| PB 0x000000070d200000| Untracked |  0
|  22|0x000000070d400000, 0x000000070d400000, 0x000000070d600000|  0%| F|  |TAMS 0x000000070d400000| PB 0x000000070d400000| Untracked |  0
|  23|0x000000070d600000, 0x000000070d600000, 0x000000070d800000|  0%| F|  |TAMS 0x000000070d600000| PB 0x000000070d600000| Untracked |  0
|  24|0x000000070d800000, 0x000000070d800000, 0x000000070da00000|  0%| F|  |TAMS 0x000000070d800000| PB 0x000000070d800000| Untracked |  0
|  25|0x000000070da00000, 0x000000070da00000, 0x000000070dc00000|  0%| F|  |TAMS 0x000000070da00000| PB 0x000000070da00000| Untracked |  0
|  26|0x000000070dc00000, 0x000000070dc00000, 0x000000070de00000|  0%| F|  |TAMS 0x000000070dc00000| PB 0x000000070dc00000| Untracked |  0
|  27|0x000000070de00000, 0x000000070de00000, 0x000000070e000000|  0%| F|  |TAMS 0x000000070de00000| PB 0x000000070de00000| Untracked |  0
|  28|0x000000070e000000, 0x000000070e000000, 0x000000070e200000|  0%| F|  |TAMS 0x000000070e000000| PB 0x000000070e000000| Untracked |  0
|  29|0x000000070e200000, 0x000000070e200000, 0x000000070e400000|  0%| F|  |TAMS 0x000000070e200000| PB 0x000000070e200000| Untracked |  0
|  30|0x000000070e400000, 0x000000070e400000, 0x000000070e600000|  0%| F|  |TAMS 0x000000070e400000| PB 0x000000070e400000| Untracked |  0
|  31|0x000000070e600000, 0x000000070e600000, 0x000000070e800000|  0%| F|  |TAMS 0x000000070e600000| PB 0x000000070e600000| Untracked |  0
|  32|0x000000070e800000, 0x000000070e800000, 0x000000070ea00000|  0%| F|  |TAMS 0x000000070e800000| PB 0x000000070e800000| Untracked |  0
|  33|0x000000070ea00000, 0x000000070ea00000, 0x000000070ec00000|  0%| F|  |TAMS 0x000000070ea00000| PB 0x000000070ea00000| Untracked |  0
|  34|0x000000070ec00000, 0x000000070ec00000, 0x000000070ee00000|  0%| F|  |TAMS 0x000000070ec00000| PB 0x000000070ec00000| Untracked |  0
|  35|0x000000070ee00000, 0x000000070ee00000, 0x000000070f000000|  0%| F|  |TAMS 0x000000070ee00000| PB 0x000000070ee00000| Untracked |  0
|  36|0x000000070f000000, 0x000000070f000000, 0x000000070f200000|  0%| F|  |TAMS 0x000000070f000000| PB 0x000000070f000000| Untracked |  0
|  37|0x000000070f200000, 0x000000070f200000, 0x000000070f400000|  0%| F|  |TAMS 0x000000070f200000| PB 0x000000070f200000| Untracked |  0
|  38|0x000000070f400000, 0x000000070f400000, 0x000000070f600000|  0%| F|  |TAMS 0x000000070f400000| PB 0x000000070f400000| Untracked |  0
|  39|0x000000070f600000, 0x000000070f600000, 0x000000070f800000|  0%| F|  |TAMS 0x000000070f600000| PB 0x000000070f600000| Untracked |  0
|  40|0x000000070f800000, 0x000000070f800000, 0x000000070fa00000|  0%| F|  |TAMS 0x000000070f800000| PB 0x000000070f800000| Untracked |  0
|  41|0x000000070fa00000, 0x000000070fa00000, 0x000000070fc00000|  0%| F|  |TAMS 0x000000070fa00000| PB 0x000000070fa00000| Untracked |  0
|  42|0x000000070fc00000, 0x000000070fc00000, 0x000000070fe00000|  0%| F|  |TAMS 0x000000070fc00000| PB 0x000000070fc00000| Untracked |  0
|  43|0x000000070fe00000, 0x000000070fe00000, 0x0000000710000000|  0%| F|  |TAMS 0x000000070fe00000| PB 0x000000070fe00000| Untracked |  0
|  44|0x0000000710000000, 0x0000000710000000, 0x0000000710200000|  0%| F|  |TAMS 0x0000000710000000| PB 0x0000000710000000| Untracked |  0
|  45|0x0000000710200000, 0x0000000710200000, 0x0000000710400000|  0%| F|  |TAMS 0x0000000710200000| PB 0x0000000710200000| Untracked |  0
|  46|0x0000000710400000, 0x0000000710400000, 0x0000000710600000|  0%| F|  |TAMS 0x0000000710400000| PB 0x0000000710400000| Untracked |  0
|  47|0x0000000710600000, 0x0000000710600000, 0x0000000710800000|  0%| F|  |TAMS 0x0000000710600000| PB 0x0000000710600000| Untracked |  0
|  48|0x0000000710800000, 0x0000000710800000, 0x0000000710a00000|  0%| F|  |TAMS 0x0000000710800000| PB 0x0000000710800000| Untracked |  0
|  49|0x0000000710a00000, 0x0000000710a00000, 0x0000000710c00000|  0%| F|  |TAMS 0x0000000710a00000| PB 0x0000000710a00000| Untracked |  0
|  50|0x0000000710c00000, 0x0000000710c00000, 0x0000000710e00000|  0%| F|  |TAMS 0x0000000710c00000| PB 0x0000000710c00000| Untracked |  0
|  51|0x0000000710e00000, 0x0000000710e00000, 0x0000000711000000|  0%| F|  |TAMS 0x0000000710e00000| PB 0x0000000710e00000| Untracked |  0
|  52|0x0000000711000000, 0x0000000711000000, 0x0000000711200000|  0%| F|  |TAMS 0x0000000711000000| PB 0x0000000711000000| Untracked |  0
|  53|0x0000000711200000, 0x0000000711200000, 0x0000000711400000|  0%| F|  |TAMS 0x0000000711200000| PB 0x0000000711200000| Untracked |  0
|  54|0x0000000711400000, 0x0000000711400000, 0x0000000711600000|  0%| F|  |TAMS 0x0000000711400000| PB 0x0000000711400000| Untracked |  0
|  55|0x0000000711600000, 0x0000000711600000, 0x0000000711800000|  0%| F|  |TAMS 0x0000000711600000| PB 0x0000000711600000| Untracked |  0
|  56|0x0000000711800000, 0x0000000711800000, 0x0000000711a00000|  0%| F|  |TAMS 0x0000000711800000| PB 0x0000000711800000| Untracked |  0
|  57|0x0000000711a00000, 0x0000000711a00000, 0x0000000711c00000|  0%| F|  |TAMS 0x0000000711a00000| PB 0x0000000711a00000| Untracked |  0
|  58|0x0000000711c00000, 0x0000000711c00000, 0x0000000711e00000|  0%| F|  |TAMS 0x0000000711c00000| PB 0x0000000711c00000| Untracked |  0
|  59|0x0000000711e00000, 0x0000000711e00000, 0x0000000712000000|  0%| F|  |TAMS 0x0000000711e00000| PB 0x0000000711e00000| Untracked |  0
|  60|0x0000000712000000, 0x0000000712000000, 0x0000000712200000|  0%| F|  |TAMS 0x0000000712000000| PB 0x0000000712000000| Untracked |  0
|  61|0x0000000712200000, 0x0000000712200000, 0x0000000712400000|  0%| F|  |TAMS 0x0000000712200000| PB 0x0000000712200000| Untracked |  0
|  62|0x0000000712400000, 0x0000000712400000, 0x0000000712600000|  0%| F|  |TAMS 0x0000000712400000| PB 0x0000000712400000| Untracked |  0
|  63|0x0000000712600000, 0x0000000712600000, 0x0000000712800000|  0%| F|  |TAMS 0x0000000712600000| PB 0x0000000712600000| Untracked |  0
|  64|0x0000000712800000, 0x0000000712800000, 0x0000000712a00000|  0%| F|  |TAMS 0x0000000712800000| PB 0x0000000712800000| Untracked |  0
|  65|0x0000000712a00000, 0x0000000712a00000, 0x0000000712c00000|  0%| F|  |TAMS 0x0000000712a00000| PB 0x0000000712a00000| Untracked |  0
|  66|0x0000000712c00000, 0x0000000712c00000, 0x0000000712e00000|  0%| F|  |TAMS 0x0000000712c00000| PB 0x0000000712c00000| Untracked |  0
|  67|0x0000000712e00000, 0x0000000712e00000, 0x0000000713000000|  0%| F|  |TAMS 0x0000000712e00000| PB 0x0000000712e00000| Untracked |  0
|  68|0x0000000713000000, 0x0000000713000000, 0x0000000713200000|  0%| F|  |TAMS 0x0000000713000000| PB 0x0000000713000000| Untracked |  0
|  69|0x0000000713200000, 0x0000000713200000, 0x0000000713400000|  0%| F|  |TAMS 0x0000000713200000| PB 0x0000000713200000| Untracked |  0
|  70|0x0000000713400000, 0x0000000713400000, 0x0000000713600000|  0%| F|  |TAMS 0x0000000713400000| PB 0x0000000713400000| Untracked |  0
|  71|0x0000000713600000, 0x0000000713600000, 0x0000000713800000|  0%| F|  |TAMS 0x0000000713600000| PB 0x0000000713600000| Untracked |  0
|  72|0x0000000713800000, 0x0000000713800000, 0x0000000713a00000|  0%| F|  |TAMS 0x0000000713800000| PB 0x0000000713800000| Untracked |  0
|  73|0x0000000713a00000, 0x0000000713a00000, 0x0000000713c00000|  0%| F|  |TAMS 0x0000000713a00000| PB 0x0000000713a00000| Untracked |  0
|  74|0x0000000713c00000, 0x0000000713c00000, 0x0000000713e00000|  0%| F|  |TAMS 0x0000000713c00000| PB 0x0000000713c00000| Untracked |  0
|  75|0x0000000713e00000, 0x0000000713e00000, 0x0000000714000000|  0%| F|  |TAMS 0x0000000713e00000| PB 0x0000000713e00000| Untracked |  0
|  76|0x0000000714000000, 0x0000000714000000, 0x0000000714200000|  0%| F|  |TAMS 0x0000000714000000| PB 0x0000000714000000| Untracked |  0
|  77|0x0000000714200000, 0x0000000714200000, 0x0000000714400000|  0%| F|  |TAMS 0x0000000714200000| PB 0x0000000714200000| Untracked |  0
|  78|0x0000000714400000, 0x0000000714400000, 0x0000000714600000|  0%| F|  |TAMS 0x0000000714400000| PB 0x0000000714400000| Untracked |  0
|  79|0x0000000714600000, 0x0000000714600000, 0x0000000714800000|  0%| F|  |TAMS 0x0000000714600000| PB 0x0000000714600000| Untracked |  0
|  80|0x0000000714800000, 0x0000000714800000, 0x0000000714a00000|  0%| F|  |TAMS 0x0000000714800000| PB 0x0000000714800000| Untracked |  0
|  81|0x0000000714a00000, 0x0000000714a00000, 0x0000000714c00000|  0%| F|  |TAMS 0x0000000714a00000| PB 0x0000000714a00000| Untracked |  0
|  82|0x0000000714c00000, 0x0000000714c00000, 0x0000000714e00000|  0%| F|  |TAMS 0x0000000714c00000| PB 0x0000000714c00000| Untracked |  0
|  83|0x0000000714e00000, 0x0000000714e00000, 0x0000000715000000|  0%| F|  |TAMS 0x0000000714e00000| PB 0x0000000714e00000| Untracked |  0
|  84|0x0000000715000000, 0x0000000715000000, 0x0000000715200000|  0%| F|  |TAMS 0x0000000715000000| PB 0x0000000715000000| Untracked |  0
|  85|0x0000000715200000, 0x0000000715200000, 0x0000000715400000|  0%| F|  |TAMS 0x0000000715200000| PB 0x0000000715200000| Untracked |  0
|  86|0x0000000715400000, 0x0000000715400000, 0x0000000715600000|  0%| F|  |TAMS 0x0000000715400000| PB 0x0000000715400000| Untracked |  0
|  87|0x0000000715600000, 0x0000000715600000, 0x0000000715800000|  0%| F|  |TAMS 0x0000000715600000| PB 0x0000000715600000| Untracked |  0
|  88|0x0000000715800000, 0x0000000715800000, 0x0000000715a00000|  0%| F|  |TAMS 0x0000000715800000| PB 0x0000000715800000| Untracked |  0
|  89|0x0000000715a00000, 0x0000000715a00000, 0x0000000715c00000|  0%| F|  |TAMS 0x0000000715a00000| PB 0x0000000715a00000| Untracked |  0
|  90|0x0000000715c00000, 0x0000000715c00000, 0x0000000715e00000|  0%| F|  |TAMS 0x0000000715c00000| PB 0x0000000715c00000| Untracked |  0
|  91|0x0000000715e00000, 0x0000000715e00000, 0x0000000716000000|  0%| F|  |TAMS 0x0000000715e00000| PB 0x0000000715e00000| Untracked |  0
|  92|0x0000000716000000, 0x0000000716000000, 0x0000000716200000|  0%| F|  |TAMS 0x0000000716000000| PB 0x0000000716000000| Untracked |  0
|  93|0x0000000716200000, 0x0000000716200000, 0x0000000716400000|  0%| F|  |TAMS 0x0000000716200000| PB 0x0000000716200000| Untracked |  0
|  94|0x0000000716400000, 0x0000000716400000, 0x0000000716600000|  0%| F|  |TAMS 0x0000000716400000| PB 0x0000000716400000| Untracked |  0
|  95|0x0000000716600000, 0x0000000716600000, 0x0000000716800000|  0%| F|  |TAMS 0x0000000716600000| PB 0x0000000716600000| Untracked |  0
|  96|0x0000000716800000, 0x0000000716800000, 0x0000000716a00000|  0%| F|  |TAMS 0x0000000716800000| PB 0x0000000716800000| Untracked |  0
|  97|0x0000000716a00000, 0x0000000716a00000, 0x0000000716c00000|  0%| F|  |TAMS 0x0000000716a00000| PB 0x0000000716a00000| Untracked |  0
|  98|0x0000000716c00000, 0x0000000716c00000, 0x0000000716e00000|  0%| F|  |TAMS 0x0000000716c00000| PB 0x0000000716c00000| Untracked |  0
|  99|0x0000000716e00000, 0x0000000716e00000, 0x0000000717000000|  0%| F|  |TAMS 0x0000000716e00000| PB 0x0000000716e00000| Untracked |  0
| 100|0x0000000717000000, 0x0000000717000000, 0x0000000717200000|  0%| F|  |TAMS 0x0000000717000000| PB 0x0000000717000000| Untracked |  0
| 101|0x0000000717200000, 0x0000000717200000, 0x0000000717400000|  0%| F|  |TAMS 0x0000000717200000| PB 0x0000000717200000| Untracked |  0
| 102|0x0000000717400000, 0x0000000717400000, 0x0000000717600000|  0%| F|  |TAMS 0x0000000717400000| PB 0x0000000717400000| Untracked |  0
| 103|0x0000000717600000, 0x0000000717600000, 0x0000000717800000|  0%| F|  |TAMS 0x0000000717600000| PB 0x0000000717600000| Untracked |  0
| 104|0x0000000717800000, 0x0000000717800000, 0x0000000717a00000|  0%| F|  |TAMS 0x0000000717800000| PB 0x0000000717800000| Untracked |  0
| 105|0x0000000717a00000, 0x0000000717a00000, 0x0000000717c00000|  0%| F|  |TAMS 0x0000000717a00000| PB 0x0000000717a00000| Untracked |  0
| 106|0x0000000717c00000, 0x0000000717c00000, 0x0000000717e00000|  0%| F|  |TAMS 0x0000000717c00000| PB 0x0000000717c00000| Untracked |  0
| 107|0x0000000717e00000, 0x0000000717e00000, 0x0000000718000000|  0%| F|  |TAMS 0x0000000717e00000| PB 0x0000000717e00000| Untracked |  0
| 108|0x0000000718000000, 0x0000000718000000, 0x0000000718200000|  0%| F|  |TAMS 0x0000000718000000| PB 0x0000000718000000| Untracked |  0
| 109|0x0000000718200000, 0x0000000718200000, 0x0000000718400000|  0%| F|  |TAMS 0x0000000718200000| PB 0x0000000718200000| Untracked |  0
| 110|0x0000000718400000, 0x0000000718400000, 0x0000000718600000|  0%| F|  |TAMS 0x0000000718400000| PB 0x0000000718400000| Untracked |  0
| 111|0x0000000718600000, 0x0000000718600000, 0x0000000718800000|  0%| F|  |TAMS 0x0000000718600000| PB 0x0000000718600000| Untracked |  0
| 112|0x0000000718800000, 0x0000000718800000, 0x0000000718a00000|  0%| F|  |TAMS 0x0000000718800000| PB 0x0000000718800000| Untracked |  0
| 113|0x0000000718a00000, 0x0000000718a00000, 0x0000000718c00000|  0%| F|  |TAMS 0x0000000718a00000| PB 0x0000000718a00000| Untracked |  0
| 114|0x0000000718c00000, 0x0000000718e00000, 0x0000000718e00000|100%| E|  |TAMS 0x0000000718c00000| PB 0x0000000718c00000| Complete |  0
| 115|0x0000000718e00000, 0x0000000719000000, 0x0000000719000000|100%| E|CS|TAMS 0x0000000718e00000| PB 0x0000000718e00000| Complete |  0
| 116|0x0000000719000000, 0x0000000719200000, 0x0000000719200000|100%| E|CS|TAMS 0x0000000719000000| PB 0x0000000719000000| Complete |  0
| 117|0x0000000719200000, 0x0000000719400000, 0x0000000719400000|100%| E|  |TAMS 0x0000000719200000| PB 0x0000000719200000| Complete |  0
| 118|0x0000000719400000, 0x0000000719600000, 0x0000000719600000|100%| E|CS|TAMS 0x0000000719400000| PB 0x0000000719400000| Complete |  0
| 119|0x0000000719600000, 0x0000000719800000, 0x0000000719800000|100%| E|CS|TAMS 0x0000000719600000| PB 0x0000000719600000| Complete |  0
| 120|0x0000000719800000, 0x0000000719a00000, 0x0000000719a00000|100%| E|CS|TAMS 0x0000000719800000| PB 0x0000000719800000| Complete |  0
| 121|0x0000000719a00000, 0x0000000719c00000, 0x0000000719c00000|100%| E|CS|TAMS 0x0000000719a00000| PB 0x0000000719a00000| Complete |  0
| 122|0x0000000719c00000, 0x0000000719e00000, 0x0000000719e00000|100%| E|CS|TAMS 0x0000000719c00000| PB 0x0000000719c00000| Complete |  0

Card table byte_map: [0x000002a22cec0000,0x000002a22d670000] _byte_map_base: 0x000002a22966c000

Marking Bits: (CMBitMap*) 0x000002a2146a8f50
 Bits: [0x000002a22d670000, 0x000002a2313d0000)

Polling page: 0x000002a2124a0000

Metaspace:

Usage:
  Non-class:      9.50 MB used.
      Class:      1.18 MB used.
       Both:     10.67 MB used.

Virtual space:
  Non-class space:       64.00 MB reserved,       9.69 MB ( 15%) committed,  1 nodes.
      Class space:        1.00 GB reserved,       1.31 MB ( <1%) committed,  1 nodes.
             Both:        1.06 GB reserved,      11.00 MB (  1%) committed. 

Chunk freelists:
   Non-Class:  6.24 MB
       Class:  14.74 MB
        Both:  20.98 MB

MaxMetaspaceSize: unlimited
CompressedClassSpaceSize: 1.00 GB
Initial GC threshold: 21.00 MB
Current GC threshold: 21.00 MB
CDS: on
 - commit_granule_bytes: 65536.
 - commit_granule_words: 8192.
 - virtual_space_node_default_size: 8388608.
 - enlarge_chunks_in_place: 1.
 - use_allocation_guard: 0.


Internal statistics:

num_allocs_failed_limit: 0.
num_arena_births: 190.
num_arena_deaths: 0.
num_vsnodes_births: 2.
num_vsnodes_deaths: 0.
num_space_committed: 176.
num_space_uncommitted: 0.
num_chunks_returned_to_freelist: 0.
num_chunks_taken_from_freelist: 242.
num_chunk_merges: 0.
num_chunk_splits: 146.
num_chunks_enlarged: 72.
num_inconsistent_stats: 0.

CodeHeap 'non-profiled nmethods': size=119232Kb used=391Kb max_used=391Kb free=118840Kb
 bounds [0x000002a224910000, 0x000002a224b80000, 0x000002a22bd80000]
CodeHeap 'profiled nmethods': size=119104Kb used=1950Kb max_used=1950Kb free=117153Kb
 bounds [0x000002a21cd80000, 0x000002a21cff0000, 0x000002a2241d0000]
CodeHeap 'non-nmethods': size=7424Kb used=3232Kb max_used=3243Kb free=4191Kb
 bounds [0x000002a2241d0000, 0x000002a224500000, 0x000002a224910000]
CodeCache: size=245760Kb, used=5573Kb, max_used=5584Kb, free=240184Kb
 total_blobs=2136, nmethods=1506, adapters=533, full_count=0
Compilation: enabled, stopped_count=0, restarted_count=0

Compilation events (20 events):
Event: 0.735 Thread 0x000002a234260bd0 1376       4       java.lang.invoke.MethodType::hashCode (53 bytes)
Event: 0.736 Thread 0x000002a23425f090 nmethod 1375 0x000002a21cf38f08 code [0x000002a21cf390a0, 0x000002a21cf39680]
Event: 0.737 Thread 0x000002a23425f090 1377       3       java.lang.invoke.MethodHandle::asTypeCached (52 bytes)
Event: 0.737 Thread 0x000002a23425f090 nmethod 1377 0x000002a21cf39708 code [0x000002a21cf39860, 0x000002a21cf39c68]
Event: 0.738 Thread 0x000002a234260bd0 nmethod 1376 0x000002a224967a88 code [0x000002a224967ba0, 0x000002a224967d88]
Event: 0.742 Thread 0x000002a23425f090 1378       3       java.lang.invoke.LambdaFormEditor::bindArgumentForm (255 bytes)
Event: 0.742 Thread 0x000002a23425e9c0 1379       3       java.lang.invoke.LambdaFormEditor$TransformKey::bval (26 bytes)
Event: 0.742 Thread 0x000002a23425e9c0 nmethod 1379 0x000002a21cf39c88 code [0x000002a21cf39da0, 0x000002a21cf39ea8]
Event: 0.743 Thread 0x000002a234260500 1380       3       java.lang.invoke.LambdaFormEditor::bindArgumentType (101 bytes)
Event: 0.743 Thread 0x000002a234260500 nmethod 1380 0x000002a21cf39f88 code [0x000002a21cf3a0c0, 0x000002a21cf3a2e0]
Event: 0.744 Thread 0x000002a23425f090 nmethod 1378 0x000002a21cf3a308 code [0x000002a21cf3a640, 0x000002a21cf3ba98]
Event: 0.745 Thread 0x000002a23425fe30 1381       3       java.lang.invoke.DirectMethodHandle$Constructor::viewAsType (49 bytes)
Event: 0.746 Thread 0x000002a2342612a0 1382       4       java.util.HashMap::put (13 bytes)
Event: 0.746 Thread 0x000002a23425fe30 nmethod 1381 0x000002a21cf3bb88 code [0x000002a21cf3bcc0, 0x000002a21cf3bea8]
Event: 0.747 Thread 0x000002a23425fe30 1383       1       java.util.concurrent.CopyOnWriteArrayList::setArray (6 bytes)
Event: 0.747 Thread 0x000002a23425fe30 nmethod 1383 0x000002a224967e08 code [0x000002a224967f20, 0x000002a224968040]
Event: 0.748 Thread 0x000002a23425fe30 1384       3       java.lang.invoke.MethodHandles$Lookup::getDirectMethodNoSecurityManager (18 bytes)
Event: 0.748 Thread 0x000002a23425fe30 nmethod 1384 0x000002a21cf3bf08 code [0x000002a21cf3c020, 0x000002a21cf3c170]
Event: 0.754 Thread 0x000002a234260bd0 1385       4       java.lang.String::getBytes (44 bytes)
Event: 0.756 Thread 0x000002a234260bd0 nmethod 1385 0x000002a224968108 code [0x000002a224968220, 0x000002a224968378]

GC Heap History (0 events):
No events

Dll operation events (15 events):
Event: 0.016 Loaded shared library C:\Users\ertec\.jdks\openjdk-23.0.2\bin\java.dll
Event: 0.056 Loaded shared library C:\Users\ertec\.jdks\openjdk-23.0.2\bin\jsvml.dll
Event: 0.120 Loaded shared library C:\Users\ertec\.jdks\openjdk-23.0.2\bin\zip.dll
Event: 0.124 Loaded shared library C:\Users\ertec\.jdks\openjdk-23.0.2\bin\instrument.dll
Event: 0.132 Loaded shared library C:\Users\ertec\.jdks\openjdk-23.0.2\bin\net.dll
Event: 0.134 Loaded shared library C:\Users\ertec\.jdks\openjdk-23.0.2\bin\nio.dll
Event: 0.143 Loaded shared library C:\Users\ertec\.jdks\openjdk-23.0.2\bin\zip.dll
Event: 0.175 Loaded shared library C:\Program Files\JetBrains\IntelliJ IDEA 2024.3.2\bin\breakgen64.dll
Event: 0.186 Loaded shared library C:\Users\ertec\.jdks\openjdk-23.0.2\bin\extnet.dll
Event: 0.240 Loaded shared library C:\Users\ertec\.jdks\openjdk-23.0.2\bin\jimage.dll
Event: 0.319 Loaded shared library C:\Users\ertec\.jdks\openjdk-23.0.2\bin\awt.dll
Event: 0.337 Loaded shared library C:\Users\ertec\.jdks\openjdk-23.0.2\bin\management.dll
Event: 0.351 Loaded shared library C:\Users\ertec\.jdks\openjdk-23.0.2\bin\management_ext.dll
Event: 0.621 Loaded shared library C:\Users\ertec\.jdks\openjdk-23.0.2\bin\freetype.dll
Event: 0.634 Loaded shared library C:\Users\ertec\.jdks\openjdk-23.0.2\bin\fontmanager.dll

Deoptimization events (20 events):
Event: 0.407 Thread 0x000002a27a170ec0 Uncommon trap: trap_request=0xffffff45 fr.pc=0x000002a22492d7c0 relative=0x0000000000000040
Event: 0.407 Thread 0x000002a27a170ec0 Uncommon trap: reason=unstable_if action=reinterpret pc=0x000002a22492d7c0 method=java.util.concurrent.locks.AbstractQueuedSynchronizer.signalNext(Ljava/util/concurrent/locks/AbstractQueuedSynchronizer$Node;)V @ 1 c2
Event: 0.407 Thread 0x000002a27a170ec0 DEOPT PACKING pc=0x000002a22492d7c0 sp=0x000000e3ac0fee90
Event: 0.407 Thread 0x000002a27a170ec0 DEOPT UNPACKING pc=0x000002a224224402 sp=0x000000e3ac0fee28 mode 2
Event: 0.651 Thread 0x000002a234246000 Uncommon trap: trap_request=0xffffff45 fr.pc=0x000002a22495c5cc relative=0x000000000000004c
Event: 0.651 Thread 0x000002a234246000 Uncommon trap: reason=unstable_if action=reinterpret pc=0x000002a22495c5cc method=java.lang.CharacterDataLatin1.equalsIgnoreCase(BB)Z @ 2 c2
Event: 0.652 Thread 0x000002a234246000 DEOPT PACKING pc=0x000002a22495c5cc sp=0x000000e3ab3fd520
Event: 0.652 Thread 0x000002a234246000 DEOPT UNPACKING pc=0x000002a224224402 sp=0x000000e3ab3fd4a0 mode 2
Event: 0.663 Thread 0x000002a234246000 Uncommon trap: trap_request=0xffffff45 fr.pc=0x000002a22495c358 relative=0x00000000000000b8
Event: 0.663 Thread 0x000002a234246000 Uncommon trap: reason=unstable_if action=reinterpret pc=0x000002a22495c358 method=jdk.internal.util.xml.impl.Parser.bappend(CC)V @ 1 c2
Event: 0.663 Thread 0x000002a234246000 DEOPT PACKING pc=0x000002a22495c358 sp=0x000000e3ab3fd630
Event: 0.663 Thread 0x000002a234246000 DEOPT UNPACKING pc=0x000002a224224402 sp=0x000000e3ab3fd5b8 mode 2
Event: 0.663 Thread 0x000002a234246000 Uncommon trap: trap_request=0xffffff45 fr.pc=0x000002a22495bfe4 relative=0x0000000000000064
Event: 0.663 Thread 0x000002a234246000 Uncommon trap: reason=unstable_if action=reinterpret pc=0x000002a22495bfe4 method=jdk.internal.util.xml.impl.Parser.ensureCapacity(I)V @ 40 c2
Event: 0.663 Thread 0x000002a234246000 DEOPT PACKING pc=0x000002a22495bfe4 sp=0x000000e3ab3fd630
Event: 0.663 Thread 0x000002a234246000 DEOPT UNPACKING pc=0x000002a224224402 sp=0x000000e3ab3fd5a8 mode 2
Event: 0.671 Thread 0x000002a21463f1d0 Uncommon trap: trap_request=0xffffff45 fr.pc=0x000002a22492d5e8 relative=0x00000000000001e8
Event: 0.671 Thread 0x000002a21463f1d0 Uncommon trap: reason=unstable_if action=reinterpret pc=0x000002a22492d5e8 method=java.lang.StringUTF16.compress([CI[BII)I @ 20 c2
Event: 0.671 Thread 0x000002a21463f1d0 DEOPT PACKING pc=0x000002a22492d5e8 sp=0x000000e3aa8fe2f0
Event: 0.671 Thread 0x000002a21463f1d0 DEOPT UNPACKING pc=0x000002a224224402 sp=0x000000e3aa8fe260 mode 2

Classes loaded (20 events):
Event: 0.754 Loading class sun/security/provider/Sun
Event: 0.755 Loading class sun/security/provider/Sun done
Event: 0.755 Loading class sun/security/provider/SunEntries
Event: 0.755 Loading class sun/security/provider/SunEntries done
Event: 0.755 Loading class sun/security/provider/SunEntries$1
Event: 0.755 Loading class sun/security/provider/SunEntries$1 done
Event: 0.756 Loading class sun/security/provider/NativePRNG
Event: 0.756 Loading class sun/security/provider/NativePRNG done
Event: 0.756 Loading class sun/security/provider/NativePRNG$Blocking
Event: 0.756 Loading class sun/security/provider/NativePRNG$Blocking done
Event: 0.756 Loading class sun/security/provider/NativePRNG$NonBlocking
Event: 0.756 Loading class sun/security/provider/NativePRNG$NonBlocking done
Event: 0.756 Loading class java/security/Provider$Service
Event: 0.756 Loading class java/security/Provider$Service done
Event: 0.756 Loading class java/security/Provider$UString
Event: 0.756 Loading class java/security/Provider$UString done
Event: 0.756 Loading class sun/security/util/SecurityProviderConstants
Event: 0.757 Loading class sun/security/util/SecurityProviderConstants done
Event: 0.757 Loading class sun/security/util/KnownOIDs
Event: 0.758 Loading class sun/security/util/KnownOIDs done

Classes unloaded (0 events):
No events

Classes redefined (0 events):
No events

Internal exceptions (17 events):
Event: 0.167 Thread 0x000002a21463f1d0 Exception <a 'java/lang/NoSuchMethodError'{0x0000000719b7fce8}: 'java.lang.Object java.lang.invoke.Invokers$Holder.invokeExact_MT(java.lang.Object, java.lang.Object, java.lang.Object, java.lang.Object, java.lang.Object)'> (0x0000000719b7fce8) 
thrown [s\open\src\hotspot\share\interpreter\linkResolver.cpp, line 796]
Event: 0.188 Thread 0x000002a23473ac20 Exception <a 'java/lang/NoSuchMethodError'{0x0000000719bfa890}: 'void java.lang.invoke.DirectMethodHandle$Holder.invokeStatic(java.lang.Object, java.lang.Object)'> (0x0000000719bfa890) 
thrown [s\open\src\hotspot\share\interpreter\linkResolver.cpp, line 796]
Event: 0.278 Thread 0x000002a21463f1d0 Exception <a 'java/lang/ClassNotFoundException'{0x0000000719ba0370}: sun/awt/resources/spi/awtProvider> (0x0000000719ba0370) 
thrown [s\open\src\hotspot\share\classfile\systemDictionary.cpp, line 313]
Event: 0.287 Thread 0x000002a234246000 Exception <a 'java/lang/NoSuchMethodError'{0x000000071962a1a8}: 'long java.lang.invoke.DirectMethodHandle$Holder.invokeSpecial(java.lang.Object, java.lang.Object)'> (0x000000071962a1a8) 
thrown [s\open\src\hotspot\share\interpreter\linkResolver.cpp, line 796]
Event: 0.334 Thread 0x000002a21463f1d0 Exception <a 'java/io/FileNotFoundException'{0x0000000719bed318}> (0x0000000719bed318) 
thrown [s\open\src\hotspot\share\prims\jni.cpp, line 520]
Event: 0.346 Thread 0x000002a21463f1d0 Exception <a 'java/io/FileNotFoundException'{0x00000007197a23f8}> (0x00000007197a23f8) 
thrown [s\open\src\hotspot\share\prims\jni.cpp, line 520]
Event: 0.356 Thread 0x000002a234246000 Exception <a 'java/lang/NoSuchMethodError'{0x000000071970ead0}: 'int java.lang.invoke.DirectMethodHandle$Holder.invokeInterface(java.lang.Object, java.lang.Object)'> (0x000000071970ead0) 
thrown [s\open\src\hotspot\share\interpreter\linkResolver.cpp, line 796]
Event: 0.356 Thread 0x000002a234246000 Exception <a 'java/lang/IncompatibleClassChangeError'{0x0000000719711cf8}: Found class java.lang.Object, but interface was expected> (0x0000000719711cf8) 
thrown [s\open\src\hotspot\share\interpreter\linkResolver.cpp, line 863]
Event: 0.447 Thread 0x000002a21463f1d0 Exception <a 'java/lang/NoSuchMethodError'{0x000000071958c400}: 'void java.lang.invoke.DirectMethodHandle$Holder.invokeSpecial(java.lang.Object, java.lang.Object, java.lang.Object)'> (0x000000071958c400) 
thrown [s\open\src\hotspot\share\interpreter\linkResolver.cpp, line 796]
Event: 0.452 Thread 0x000002a234246000 Exception <a 'java/lang/NoSuchMethodError'{0x000000071945b208}: 'void java.lang.invoke.DirectMethodHandle$Holder.invokeStatic(java.lang.Object, int, java.lang.Object)'> (0x000000071945b208) 
thrown [s\open\src\hotspot\share\interpreter\linkResolver.cpp, line 796]
Event: 0.480 Thread 0x000002a21463f1d0 Exception <a 'java/lang/NoSuchMethodError'{0x00000007195da648}: 'java.lang.Object java.lang.invoke.DirectMethodHandle$Holder.invokeStatic(java.lang.Object, int, java.lang.Object)'> (0x00000007195da648) 
thrown [s\open\src\hotspot\share\interpreter\linkResolver.cpp, line 796]
Event: 0.490 Thread 0x000002a234246000 Exception <a 'java/lang/NoSuchMethodError'{0x0000000719215650}: 'int java.lang.invoke.DirectMethodHandle$Holder.invokeSpecial(java.lang.Object, java.lang.Object, java.lang.Object)'> (0x0000000719215650) 
thrown [s\open\src\hotspot\share\interpreter\linkResolver.cpp, line 796]
Event: 0.551 Thread 0x000002a21463f1d0 Exception <a 'java/lang/ClassNotFoundException'{0x00000007193182d0}: com/sun/swing/internal/plaf/metal/resources/spi/metalProvider> (0x00000007193182d0) 
thrown [s\open\src\hotspot\share\classfile\systemDictionary.cpp, line 313]
Event: 0.552 Thread 0x000002a21463f1d0 Exception <a 'java/lang/ClassNotFoundException'{0x000000071931c090}: com/sun/swing/internal/plaf/basic/resources/spi/basicProvider> (0x000000071931c090) 
thrown [s\open\src\hotspot\share\classfile\systemDictionary.cpp, line 313]
Event: 0.560 Thread 0x000002a234246000 Exception <a 'java/lang/NoSuchMethodError'{0x000000071902e188}: 'java.lang.Object java.lang.invoke.DirectMethodHandle$Holder.invokeStaticInit(java.lang.Object, java.lang.Object, java.lang.Object)'> (0x000000071902e188) 
thrown [s\open\src\hotspot\share\interpreter\linkResolver.cpp, line 796]
Event: 0.579 Thread 0x000002a27a22bfe0 Exception <a 'java/lang/NoSuchMethodError'{0x000000071908b040}: 'java.lang.Object java.lang.invoke.DirectMethodHandle$Holder.newInvokeSpecial(java.lang.Object, java.lang.Object, java.lang.Object, int, int, int, int, int)'> (0x000000071908b040) 
thrown [s\open\src\hotspot\share\interpreter\linkResolver.cpp, line 796]
Event: 0.604 Thread 0x000002a21463f1d0 Exception <a 'java/lang/NoSuchMethodError'{0x000000071934b0f8}: 'int java.lang.invoke.Invokers$Holder.invokeExact_MT(java.lang.Object, java.lang.Object)'> (0x000000071934b0f8) 
thrown [s\open\src\hotspot\share\interpreter\linkResolver.cpp, line 796]

VM Operations (14 events):
Event: 0.101 Executing VM operation: HandshakeAllThreads (Deoptimize)
Event: 0.102 Executing VM operation: HandshakeAllThreads (Deoptimize) done
Event: 0.253 Executing VM operation: HandshakeAllThreads (Deoptimize)
Event: 0.253 Executing VM operation: HandshakeAllThreads (Deoptimize) done
Event: 0.297 Executing VM operation: HandshakeAllThreads (Deoptimize)
Event: 0.297 Executing VM operation: HandshakeAllThreads (Deoptimize) done
Event: 0.344 Executing VM operation: HandshakeAllThreads (Deoptimize)
Event: 0.344 Executing VM operation: HandshakeAllThreads (Deoptimize) done
Event: 0.344 Executing VM operation: HandshakeAllThreads (Deoptimize)
Event: 0.344 Executing VM operation: HandshakeAllThreads (Deoptimize) done
Event: 0.594 Executing VM operation: HandshakeAllThreads (Deoptimize)
Event: 0.595 Executing VM operation: HandshakeAllThreads (Deoptimize) done
Event: 0.750 Executing VM operation: HandshakeAllThreads (Deoptimize)
Event: 0.750 Executing VM operation: HandshakeAllThreads (Deoptimize) done

Memory protections (0 events):
No events

Nmethod flushes (0 events):
No events

Events (20 events):
Event: 0.054 Thread 0x000002a21463f1d0 Thread added: 0x000002a234246000
Event: 0.054 Thread 0x000002a21463f1d0 Thread added: 0x000002a234246a60
Event: 0.054 Thread 0x000002a21463f1d0 Thread added: 0x000002a2342494d0
Event: 0.054 Thread 0x000002a21463f1d0 Thread added: 0x000002a2342562d0
Event: 0.054 Thread 0x000002a21463f1d0 Thread added: 0x000002a23425e9c0
Event: 0.091 Thread 0x000002a21463f1d0 Thread added: 0x000002a23455ee40
Event: 0.101 Thread 0x000002a23425e9c0 Thread added: 0x000002a23425fe30
Event: 0.105 Thread 0x000002a23425e9c0 Thread added: 0x000002a234260500
Event: 0.112 Thread 0x000002a234260500 Thread added: 0x000002a234261970
Event: 0.176 Thread 0x000002a21463f1d0 Thread added: 0x000002a23473ac20
Event: 0.176 Thread 0x000002a21463f1d0 Thread added: 0x000002a23473d2a0
Event: 0.227 Thread 0x000002a23425fe30 Thread added: 0x000002a23425f090
Event: 0.263 Thread 0x000002a234261970 Thread added: 0x000002a23425e2f0
Event: 0.406 Thread 0x000002a21463f1d0 Thread added: 0x000002a27a170ec0
Event: 0.409 Thread 0x000002a21463f1d0 Thread added: 0x000002a27a178430
Event: 0.411 Thread 0x000002a21463f1d0 Thread added: 0x000002a27a179bf0
Event: 0.473 Thread 0x000002a23425e2f0 Thread exited: 0x000002a23425e2f0
Event: 0.551 Thread 0x000002a23425fe30 Thread added: 0x000002a234260bd0
Event: 0.575 Thread 0x000002a21463f1d0 Thread added: 0x000002a27a22bfe0
Event: 0.671 Thread 0x000002a234260bd0 Thread added: 0x000002a2342612a0


Dynamic libraries:
0x00007ff698d60000 - 0x00007ff698d6e000 	C:\Users\ertec\.jdks\openjdk-23.0.2\bin\java.exe
0x00007ffce9d10000 - 0x00007ffce9f08000 	C:\WINDOWS\SYSTEM32\ntdll.dll
0x00007ffce9a80000 - 0x00007ffce9b42000 	C:\WINDOWS\System32\KERNEL32.DLL
0x00007ffce7740000 - 0x00007ffce7a36000 	C:\WINDOWS\System32\KERNELBASE.dll
0x00007ffce7a40000 - 0x00007ffce7b40000 	C:\WINDOWS\System32\ucrtbase.dll
0x00007ffce38f0000 - 0x00007ffce3907000 	C:\Users\ertec\.jdks\openjdk-23.0.2\bin\jli.dll
0x00007ffce38d0000 - 0x00007ffce38eb000 	C:\Users\ertec\.jdks\openjdk-23.0.2\bin\VCRUNTIME140.dll
0x00007ffce8170000 - 0x00007ffce8311000 	C:\WINDOWS\System32\USER32.dll
0x00007ffcd87b0000 - 0x00007ffcd8a4b000 	C:\WINDOWS\WinSxS\amd64_microsoft.windows.common-controls_6595b64144ccf1df_6.0.19041.6456_none_60b8a6cb71f64256\COMCTL32.dll
0x00007ffce7be0000 - 0x00007ffce7c02000 	C:\WINDOWS\System32\win32u.dll
0x00007ffce9c30000 - 0x00007ffce9cce000 	C:\WINDOWS\System32\msvcrt.dll
0x00007ffce7d30000 - 0x00007ffce7d5b000 	C:\WINDOWS\System32\GDI32.dll
0x00007ffce7c10000 - 0x00007ffce7d29000 	C:\WINDOWS\System32\gdi32full.dll
0x00007ffce7b40000 - 0x00007ffce7bdd000 	C:\WINDOWS\System32\msvcp_win.dll
0x00007ffce9a50000 - 0x00007ffce9a7f000 	C:\WINDOWS\System32\IMM32.DLL
0x00007ffce3ae0000 - 0x00007ffce3aec000 	C:\Users\ertec\.jdks\openjdk-23.0.2\bin\vcruntime140_1.dll
0x00007ffcd6570000 - 0x00007ffcd65fe000 	C:\Users\ertec\.jdks\openjdk-23.0.2\bin\msvcp140.dll
0x00007ffcb9ad0000 - 0x00007ffcba820000 	C:\Users\ertec\.jdks\openjdk-23.0.2\bin\server\jvm.dll
0x00007ffce8f70000 - 0x00007ffce9021000 	C:\WINDOWS\System32\ADVAPI32.dll
0x00007ffce9490000 - 0x00007ffce952f000 	C:\WINDOWS\System32\sechost.dll
0x00007ffce8e50000 - 0x00007ffce8f70000 	C:\WINDOWS\System32\RPCRT4.dll
0x00007ffce74d0000 - 0x00007ffce74f7000 	C:\WINDOWS\System32\bcrypt.dll
0x00007ffce91e0000 - 0x00007ffce924b000 	C:\WINDOWS\System32\WS2_32.dll
0x00007ffce7150000 - 0x00007ffce719b000 	C:\WINDOWS\SYSTEM32\POWRPROF.dll
0x00007ffce1080000 - 0x00007ffce108a000 	C:\WINDOWS\SYSTEM32\VERSION.dll
0x00007ffcdc0b0000 - 0x00007ffcdc0d7000 	C:\WINDOWS\SYSTEM32\WINMM.dll
0x00007ffce7130000 - 0x00007ffce7142000 	C:\WINDOWS\SYSTEM32\UMPDC.dll
0x00007ffce5ba0000 - 0x00007ffce5bb2000 	C:\WINDOWS\SYSTEM32\kernel.appcore.dll
0x00007ffcdfa50000 - 0x00007ffcdfa5a000 	C:\Users\ertec\.jdks\openjdk-23.0.2\bin\jimage.dll
0x00007ffce5020000 - 0x00007ffce5221000 	C:\WINDOWS\SYSTEM32\DBGHELP.DLL
0x00007ffcc8720000 - 0x00007ffcc8754000 	C:\WINDOWS\SYSTEM32\dbgcore.DLL
0x00007ffce7550000 - 0x00007ffce75d2000 	C:\WINDOWS\System32\bcryptPrimitives.dll
0x00007ffcd7590000 - 0x00007ffcd759f000 	C:\Users\ertec\.jdks\openjdk-23.0.2\bin\instrument.dll
0x00007ffcdfa30000 - 0x00007ffcdfa4e000 	C:\Users\ertec\.jdks\openjdk-23.0.2\bin\java.dll
0x00007ffce90b0000 - 0x00007ffce91db000 	C:\WINDOWS\System32\ole32.dll
0x00007ffce7d60000 - 0x00007ffce80b4000 	C:\WINDOWS\System32\combase.dll
0x00007ffce8680000 - 0x00007ffce8df0000 	C:\WINDOWS\System32\SHELL32.dll
0x00007ffce5330000 - 0x00007ffce5ad5000 	C:\WINDOWS\SYSTEM32\windows.storage.dll
0x00007ffce6d60000 - 0x00007ffce6d8b000 	C:\WINDOWS\SYSTEM32\Wldp.dll
0x00007ffce9b50000 - 0x00007ffce9c1d000 	C:\WINDOWS\System32\OLEAUT32.dll
0x00007ffce9380000 - 0x00007ffce942d000 	C:\WINDOWS\System32\SHCORE.dll
0x00007ffce8380000 - 0x00007ffce83db000 	C:\WINDOWS\System32\shlwapi.dll
0x00007ffce72d0000 - 0x00007ffce72f4000 	C:\WINDOWS\SYSTEM32\profapi.dll
0x00007ffcd6490000 - 0x00007ffcd6567000 	C:\Users\ertec\.jdks\openjdk-23.0.2\bin\jsvml.dll
0x00007ffcd75e0000 - 0x00007ffcd75f7000 	C:\Users\ertec\.jdks\openjdk-23.0.2\bin\zip.dll
0x00007ffcdfa20000 - 0x00007ffcdfa30000 	C:\Users\ertec\.jdks\openjdk-23.0.2\bin\net.dll
0x00007ffce6a50000 - 0x00007ffce6aba000 	C:\WINDOWS\system32\mswsock.dll
0x00007ffcdfa00000 - 0x00007ffcdfa16000 	C:\Users\ertec\.jdks\openjdk-23.0.2\bin\nio.dll
0x00007ffcd6a60000 - 0x00007ffcd6a7a000 	C:\Program Files\JetBrains\IntelliJ IDEA 2024.3.2\bin\breakgen64.dll
0x00007ffcd8140000 - 0x00007ffcd8149000 	C:\Users\ertec\.jdks\openjdk-23.0.2\bin\extnet.dll
0x00007ffcb9940000 - 0x00007ffcb9acd000 	C:\Users\ertec\.jdks\openjdk-23.0.2\bin\awt.dll
0x00007ffce3a30000 - 0x00007ffce3ac4000 	C:\WINDOWS\SYSTEM32\apphelp.dll
0x00007ffce6770000 - 0x00007ffce683a000 	C:\WINDOWS\SYSTEM32\DNSAPI.dll
0x00007ffce6730000 - 0x00007ffce676b000 	C:\WINDOWS\SYSTEM32\IPHLPAPI.DLL
0x00007ffce9c20000 - 0x00007ffce9c28000 	C:\WINDOWS\System32\NSI.dll
0x00007ffce04c0000 - 0x00007ffce04ca000 	C:\Windows\System32\rasadhlp.dll
0x00007ffcdf490000 - 0x00007ffcdf510000 	C:\WINDOWS\System32\fwpuclnt.dll
0x00007ffcd7280000 - 0x00007ffcd728a000 	C:\Users\ertec\.jdks\openjdk-23.0.2\bin\management.dll
0x00007ffcd6410000 - 0x00007ffcd641b000 	C:\Users\ertec\.jdks\openjdk-23.0.2\bin\management_ext.dll
0x00007ffce9250000 - 0x00007ffce9258000 	C:\WINDOWS\System32\PSAPI.DLL
0x00007ffce4820000 - 0x00007ffce48be000 	C:\WINDOWS\system32\uxtheme.dll
0x00007ffce9260000 - 0x00007ffce9375000 	C:\WINDOWS\System32\MSCTF.dll
0x00007ffce4a30000 - 0x00007ffce4a5e000 	C:\WINDOWS\system32\DWMAPI.DLL
0x00007ffcbc270000 - 0x00007ffcbc2f7000 	C:\Users\ertec\.jdks\openjdk-23.0.2\bin\freetype.dll
0x00007ffcbbe40000 - 0x00007ffcbbf17000 	C:\Users\ertec\.jdks\openjdk-23.0.2\bin\fontmanager.dll
0x00007ffc8cb10000 - 0x00007ffc8cc38000 	C:\WINDOWS\system32\opengl32.dll
0x00007ffc8c460000 - 0x00007ffc8c48c000 	C:\WINDOWS\SYSTEM32\GLU32.dll
0x00007ffc944c0000 - 0x00007ffc94691000 	C:\WINDOWS\system32\d3d9.dll
0x00007ffcdc0e0000 - 0x00007ffcdc29b000 	C:\WINDOWS\System32\DriverStore\FileRepository\u0387355.inf_amd64_6cce7b5f9e27fdf4\B387046\aticfx64.dll
0x00007ffcd63d0000 - 0x00007ffcd6404000 	C:\WINDOWS\System32\DriverStore\FileRepository\u0387355.inf_amd64_6cce7b5f9e27fdf4\B387046\atiu9p64.dll
0x00007ffcb8be0000 - 0x00007ffcb9935000 	C:\WINDOWS\System32\DriverStore\FileRepository\u0387355.inf_amd64_6cce7b5f9e27fdf4\B387046\atiumd64.dll
0x0000000059370000 - 0x000000005a297000 	C:\WINDOWS\System32\DriverStore\FileRepository\u0387355.inf_amd64_6cce7b5f9e27fdf4\B387046\atiumd6a.dll
0x00007ffce9530000 - 0x00007ffce99a0000 	C:\WINDOWS\System32\SETUPAPI.dll
0x00007ffce7500000 - 0x00007ffce754e000 	C:\WINDOWS\System32\cfgmgr32.dll
0x00007ffcd9fa0000 - 0x00007ffcd9fd5000 	C:\WINDOWS\SYSTEM32\amdihk64.dll
0x00007ffce6c50000 - 0x00007ffce6c68000 	C:\WINDOWS\SYSTEM32\CRYPTSP.dll
0x00007ffce6340000 - 0x00007ffce6378000 	C:\WINDOWS\system32\rsaenh.dll
0x00007ffce7290000 - 0x00007ffce72be000 	C:\WINDOWS\SYSTEM32\USERENV.dll
0x00007ffce6c40000 - 0x00007ffce6c4c000 	C:\WINDOWS\SYSTEM32\CRYPTBASE.dll
0x00007ffcdd7d0000 - 0x00007ffcdd80b000 	C:\WINDOWS\SYSTEM32\dxcore.dll
0x00007ffc6f230000 - 0x00007ffc6f247000 	C:\WINDOWS\system32\napinsp.dll
0x00007ffc6f210000 - 0x00007ffc6f22b000 	C:\WINDOWS\system32\pnrpnsp.dll
0x00007ffce1e40000 - 0x00007ffce1e5d000 	C:\WINDOWS\system32\NLAapi.dll
0x00007ffcb3f90000 - 0x00007ffcb3fad000 	C:\WINDOWS\system32\wshbth.dll
0x00007ffc6d460000 - 0x00007ffc6d472000 	C:\WINDOWS\System32\winrnr.dll

dbghelp: loaded successfully - version: 4.0.5 - missing functions: none
symbol engine: initialized successfully - sym options: 0x614 - pdb path: .;C:\Users\ertec\.jdks\openjdk-23.0.2\bin;C:\WINDOWS\SYSTEM32;C:\WINDOWS\WinSxS\amd64_microsoft.windows.common-controls_6595b64144ccf1df_6.0.19041.6456_none_60b8a6cb71f64256;C:\Users\ertec\.jdks\openjdk-23.0.2\bin\server;C:\Program Files\JetBrains\IntelliJ IDEA 2024.3.2\bin;C:\WINDOWS\System32\DriverStore\FileRepository\u0387355.inf_amd64_6cce7b5f9e27fdf4\B387046

VM Arguments:
jvm_args: -javaagent:C:\Program Files\JetBrains\IntelliJ IDEA 2024.3.2\lib\idea_rt.jar=51656:C:\Program Files\JetBrains\IntelliJ IDEA 2024.3.2\bin -Dfile.encoding=UTF-8 -Dsun.stdout.encoding=UTF-8 -Dsun.stderr.encoding=UTF-8 
java_command: snakegame.ui.MainScreen
java_class_path (initial): C:\nets2\lab4\target\classes;C:\Users\ertec\.m2\repository\com\google\guava\guava\33.0.0-jre\guava-33.0.0-jre.jar;C:\Users\ertec\.m2\repository\com\google\guava\failureaccess\1.0.2\failureaccess-1.0.2.jar;C:\Users\ertec\.m2\repository\com\google\guava\listenablefuture\9999.0-empty-to-avoid-conflict-with-guava\listenablefuture-9999.0-empty-to-avoid-conflict-with-guava.jar;C:\Users\ertec\.m2\repository\com\google\code\findbugs\jsr305\3.0.2\jsr305-3.0.2.jar;C:\Users\ertec\.m2\repository\org\checkerframework\checker-qual\3.41.0\checker-qual-3.41.0.jar;C:\Users\ertec\.m2\repository\com\google\errorprone\error_prone_annotations\2.23.0\error_prone_annotations-2.23.0.jar;C:\Users\ertec\.m2\repository\com\google\j2objc\j2objc-annotations\2.8\j2objc-annotations-2.8.jar;C:\Users\ertec\.m2\repository\io\reactivex\rxjava3\rxjava\3.1.6\rxjava-3.1.6.jar;C:\Users\ertec\.m2\repository\org\reactivestreams\reactive-streams\1.0.4\reactive-streams-1.0.4.jar
Launcher Type: SUN_STANDARD

[Global flags]
     intx CICompilerCount                          = 12                                        {product} {ergonomic}
     uint ConcGCThreads                            = 3                                         {product} {ergonomic}
     uint G1ConcRefinementThreads                  = 13                                        {product} {ergonomic}
   size_t G1HeapRegionSize                         = 2097152                                   {product} {ergonomic}
   size_t InitialHeapSize                          = 257949696                                 {product} {ergonomic}
   size_t MarkStackSize                            = 4194304                                   {product} {ergonomic}
   size_t MarkStackSizeMax                         = 536870912                                 {product} {ergonomic}
   size_t MaxHeapSize                              = 4118806528                                {product} {ergonomic}
   size_t MaxNewSize                               = 2470445056                                {product} {ergonomic}
   size_t MinHeapDeltaBytes                        = 2097152                                   {product} {ergonomic}
   size_t MinHeapSize                              = 8388608                                   {product} {ergonomic}
    uintx NonNMethodCodeHeapSize                   = 7602176                                {pd product} {ergonomic}
    uintx NonProfiledCodeHeapSize                  = 122093568                              {pd product} {ergonomic}
    uintx ProfiledCodeHeapSize                     = 121962496                              {pd product} {ergonomic}
    uintx ReservedCodeCacheSize                    = 251658240                              {pd product} {ergonomic}
     bool SegmentedCodeCache                       = true                                      {product} {ergonomic}
   size_t SoftMaxHeapSize                          = 4118806528                             {manageable} {ergonomic}
     bool UseCompressedOops                        = true                           {product lp64_product} {ergonomic}
     bool UseG1GC                                  = true                                      {product} {ergonomic}
     bool UseLargePagesIndividualAllocation        = false                                  {pd product} {ergonomic}

Logging:
Log output configuration:
 #0: stdout all=warning uptime,level,tags foldmultilines=false
 #1: stderr all=off uptime,level,tags foldmultilines=false

Environment Variables:
PATH=C:\Program Files (x86)\NVIDIA Corporation\PhysX\Common;C:\Program Files (x86)\Common Files\Oracle\Java\javapath;C:\WINDOWS\system32;C:\WINDOWS;C:\WINDOWS\System32\Wbem;C:\WINDOWS\System32\WindowsPowerShell\v1.0\;C:\WINDOWS\System32\OpenSSH\;C:\Program Files\Cloudflare\Cloudflare WARP\;C:\Strawberry\c\bin;C:\Strawberry\perl\site\bin;C:\Strawberry\perl\bin;C:\Program Files\dotnet\;C:\Users\ertec\AppData\Local\Programs\Python\Launcher\;C:\Users\ertec\AppData\Local\Microsoft\WindowsApps;C:\MinGW\bin;C:\Users\ertec\AppData\Local\Programs\Microsoft VS Code\bin;C:\Users\ertec\AppData\Local\Programs\MiKTeX\miktex\bin\x64\;C:\Program Files\JetBrains\IntelliJ IDEA 2024.3.2\bin;
USERNAME=ertec
OS=Windows_NT
PROCESSOR_IDENTIFIER=AMD64 Family 23 Model 104 Stepping 1, AuthenticAMD
TMP=C:\Users\ertec\AppData\Local\Temp
TEMP=C:\Users\ertec\AppData\Local\Temp




Periodic native trim disabled

---------------  S Y S T E M  ---------------

OS:
 Windows 10 , 64 bit Build 19041 (10.0.19041.5915)
OS uptime: 0 days 2:01 hours
Hyper-V role detected

CPU: total 16 (initial active 16) (16 cores per cpu, 2 threads per core) family 23 model 104 stepping 1 microcode 0x0, cx8, cmov, fxsr, ht, mmx, 3dnowpref, sse, sse2, sse3, ssse3, sse4a, sse4.1, sse4.2, popcnt, lzcnt, tsc, tscinvbit, avx, avx2, aes, clmul, bmi1, bmi2, adx, sha, fma, vzeroupper, clflush, clflushopt, hv, rdtscp, rdpid, f16c
Processor Information for the first 16 processors :
  Max Mhz: 1801, Current Mhz: 1801, Mhz Limit: 1801

Memory: 4k page, system-wide physical 15709M (2972M free)
TotalPageFile size 15709M (AvailPageFile size 0M)
current process WorkingSet (physical memory assigned to process): 94M, peak: 94M
current process commit charge ("private bytes"): 384M, peak: 384M

vm_info: OpenJDK 64-Bit Server VM (23.0.2+7-58) for windows-amd64 JRE (23.0.2+7-58), built on 2024-11-29T09:34:55Z with MS VC++ 17.6 (VS2022)

END.
