#
# There is insufficient memory for the Java Runtime Environment to continue.
# Native memory allocation (malloc) failed to allocate 32744 bytes. Error detail: Chunk::new
# Possible reasons:
#   The system is out of physical RAM or swap space
#   This process is running with CompressedOops enabled, and the Java Heap may be blocking the growth of the native heap
# Possible solutions:
#   Reduce memory load on the system
#   Increase physical memory or swap space
#   Check if swap backing store is full
#   Decrease Java heap size (-Xmx/-Xms)
#   Decrease number of Java threads
#   Decrease Java thread stack sizes (-Xss)
#   Set larger code cache with -XX:ReservedCodeCacheSize=
#   JVM is running with Zero Based Compressed Oops mode in which the Java heap is
#     placed in the first 32GB address space. The Java Heap base address is the
#     maximum limit for the native heap growth. Please use -XX:HeapBaseMinAddress
#     to set the Java Heap base and to place the Java Heap above 32GB virtual address.
# This output file may be truncated or incomplete.
#
#  Out of Memory Error (arena.cpp:149), pid=16800, tid=17948
#
# JRE version: OpenJDK Runtime Environment (23.0.2+7) (build 23.0.2+7-58)
# Java VM: OpenJDK 64-Bit Server VM (23.0.2+7-58, mixed mode, sharing, tiered, compressed oops, compressed class ptrs, g1 gc, windows-amd64)
# No core dump will be written. Minidumps are not enabled by default on client versions of Windows
#

---------------  S U M M A R Y ------------

Command Line: -javaagent:C:\Program Files\JetBrains\IntelliJ IDEA 2024.3.2\lib\idea_rt.jar=60328:C:\Program Files\JetBrains\IntelliJ IDEA 2024.3.2\bin -Dfile.encoding=UTF-8 -Dsun.stdout.encoding=UTF-8 -Dsun.stderr.encoding=UTF-8 socks.SocksProxy 1080

Host: AMD Ryzen 7 5700U with Radeon Graphics         , 16 cores, 15G,  Windows 10 , 64 bit Build 19041 (10.0.19041.5915)
Time: Mon Jan  5 17:14:26 2026 Novosibirsk Standard Time elapsed time: 8.502526 seconds (0d 0h 0m 8s)

---------------  T H R E A D  ---------------

Current thread (0x00000245cb48fd50):  JavaThread "C1 CompilerThread0" daemon [_thread_in_native, id=17948, stack(0x00000085f1900000,0x00000085f1a00000) (1024K)]


Current CompileTask:
C1:8502 1681       3       java.lang.invoke.TypeConvertingMethodAdapter::convertType (299 bytes)

Stack: [0x00000085f1900000,0x00000085f1a00000]
Native frames: (J=compiled Java code, j=interpreted, Vv=VM code, C=native code)
V  [jvm.dll+0x6e0b99]  (no source info available)
V  [jvm.dll+0x87e2b3]  (no source info available)
V  [jvm.dll+0x88073e]  (no source info available)
V  [jvm.dll+0x880e13]  (no source info available)
V  [jvm.dll+0x27b006]  (no source info available)
V  [jvm.dll+0xbc06f]  (no source info available)
V  [jvm.dll+0xbc2cb]  (no source info available)
V  [jvm.dll+0x190d57]  (no source info available)
V  [jvm.dll+0x193d8a]  (no source info available)
V  [jvm.dll+0x195684]  (no source info available)
V  [jvm.dll+0x150a72]  (no source info available)
V  [jvm.dll+0x15022f]  (no source info available)
V  [jvm.dll+0x1504db]  (no source info available)
V  [jvm.dll+0x14f8a8]  (no source info available)
V  [jvm.dll+0x1516ed]  (no source info available)
V  [jvm.dll+0x253df1]  (no source info available)
V  [jvm.dll+0x2520aa]  (no source info available)
V  [jvm.dll+0x3ee226]  (no source info available)
V  [jvm.dll+0x8254cb]  (no source info available)
V  [jvm.dll+0x6df345]  (no source info available)
C  [ucrtbase.dll+0x21bb2]  (no source info available)
C  [KERNEL32.DLL+0x17374]  (no source info available)
C  [ntdll.dll+0x4cc91]  (no source info available)

Lock stack of current Java thread (top to bottom):


---------------  P R O C E S S  ---------------

Threads class SMR info:
_java_thread_list=0x0000024611397430, length=16, elements={
0x00000245ab67c7a0, 0x00000245cb451d40, 0x00000245cb457920, 0x00000245cb458380,
0x00000245cb458de0, 0x00000245cb459840, 0x00000245cb45a5f0, 0x00000245cb467fe0,
0x00000245cb48fd50, 0x00000245cb59c380, 0x00000245cb7328f0, 0x00000245cb733370,
0x0000024611b7f8b0, 0x000002461157d310, 0x00000246115b85f0, 0x0000024611398900
}

Java Threads: ( => current thread )
  0x00000245ab67c7a0 JavaThread "main"                              [_thread_in_native, id=18528, stack(0x00000085f0a00000,0x00000085f0b00000) (1024K)]
  0x00000245cb451d40 JavaThread "Reference Handler"          daemon [_thread_blocked, id=7636, stack(0x00000085f1200000,0x00000085f1300000) (1024K)]
  0x00000245cb457920 JavaThread "Finalizer"                  daemon [_thread_blocked, id=14760, stack(0x00000085f1300000,0x00000085f1400000) (1024K)]
  0x00000245cb458380 JavaThread "Signal Dispatcher"          daemon [_thread_blocked, id=17744, stack(0x00000085f1400000,0x00000085f1500000) (1024K)]
  0x00000245cb458de0 JavaThread "Attach Listener"            daemon [_thread_blocked, id=13460, stack(0x00000085f1500000,0x00000085f1600000) (1024K)]
  0x00000245cb459840 JavaThread "Service Thread"             daemon [_thread_blocked, id=17752, stack(0x00000085f1600000,0x00000085f1700000) (1024K)]
  0x00000245cb45a5f0 JavaThread "Monitor Deflation Thread"   daemon [_thread_blocked, id=3644, stack(0x00000085f1700000,0x00000085f1800000) (1024K)]
  0x00000245cb467fe0 JavaThread "C2 CompilerThread0"         daemon [_thread_in_native, id=7192, stack(0x00000085f1800000,0x00000085f1900000) (1024K)]
=>0x00000245cb48fd50 JavaThread "C1 CompilerThread0"         daemon [_thread_in_native, id=17948, stack(0x00000085f1900000,0x00000085f1a00000) (1024K)]
  0x00000245cb59c380 JavaThread "Common-Cleaner"             daemon [_thread_blocked, id=17880, stack(0x00000085f1a00000,0x00000085f1b00000) (1024K)]
  0x00000245cb7328f0 JavaThread "Monitor Ctrl-Break"         daemon [_thread_in_native, id=18876, stack(0x00000085f1e00000,0x00000085f1f00000) (1024K)]
  0x00000245cb733370 JavaThread "Notification Thread"        daemon [_thread_blocked, id=17344, stack(0x00000085f1f00000,0x00000085f2000000) (1024K)]
  0x0000024611b7f8b0 JavaThread "RMI TCP Accept-0"           daemon [_thread_in_native, id=1152, stack(0x00000085f2400000,0x00000085f2500000) (1024K)]
  0x000002461157d310 JavaThread "RMI TCP Connection(1)-192.168.31.156" daemon [_thread_in_native, id=17336, stack(0x00000085f2500000,0x00000085f2600000) (1024K)]
  0x00000246115b85f0 JavaThread "RMI Scheduler(0)"           daemon [_thread_blocked, id=18224, stack(0x00000085f2600000,0x00000085f2700000) (1024K)]
  0x0000024611398900 JavaThread "JMX server connection timeout 34" daemon [_thread_blocked, id=7236, stack(0x00000085f2700000,0x00000085f2800000) (1024K)]
Total: 16

Other Threads:
  0x00000245cb43cb00 VMThread "VM Thread"                           [id=18708, stack(0x00000085f1100000,0x00000085f1200000) (1024K)]
  0x00000245cb429730 WatcherThread "VM Periodic Task Thread"        [id=19416, stack(0x00000085f1000000,0x00000085f1100000) (1024K)]
  0x00000245ab6e5d80 WorkerThread "GC Thread#0"                     [id=8964, stack(0x00000085f0b00000,0x00000085f0c00000) (1024K)]
  0x00000245ab6fa260 ConcurrentGCThread "G1 Main Marker"            [id=18028, stack(0x00000085f0c00000,0x00000085f0d00000) (1024K)]
  0x00000245ab6fad70 WorkerThread "G1 Conc#0"                       [id=19412, stack(0x00000085f0d00000,0x00000085f0e00000) (1024K)]
  0x00000245cb2fc5b0 ConcurrentGCThread "G1 Refine#0"               [id=7432, stack(0x00000085f0e00000,0x00000085f0f00000) (1024K)]
  0x00000245cb2fe050 ConcurrentGCThread "G1 Service"                [id=17972, stack(0x00000085f0f00000,0x00000085f1000000) (1024K)]
Total: 7

Threads with active compile tasks:
C2 CompilerThread0  8571 1675       4       java.util.HashMap::putVal (300 bytes)
C1 CompilerThread0  8571 1681       3       java.lang.invoke.TypeConvertingMethodAdapter::convertType (299 bytes)
Total: 2

VM state: not at safepoint (normal execution)

VM Mutex/Monitor currently owned by a thread: None

Heap address: 0x000000070a800000, size: 3928 MB, Compressed Oops mode: Zero based, Oop shift amount: 3

CDS archive(s) mapped at: [0x00000245cc000000-0x00000245ccd70000-0x00000245ccd70000), size 14090240, SharedBaseAddress: 0x00000245cc000000, ArchiveRelocationMode: 1.
Compressed class space mapped at: 0x00000245cd000000-0x000002460d000000, reserved size: 1073741824
Narrow klass base: 0x00000245cc000000, Narrow klass shift: 0, Narrow klass range: 0x41000000

GC Precious Log:
 CardTable entry size: 512
 Card Set container configuration: InlinePtr #cards 4 size 8 Array Of Cards #cards 16 size 48 Howl #buckets 8 coarsen threshold 3686 Howl Bitmap #cards 512 size 80 coarsen threshold 460 Card regions per heap region 1 cards per card region 4096
 CPUs: 16 total, 16 available
 Memory: 15709M
 Large Page Support: Disabled
 NUMA Support: Disabled
 Compressed Oops: Enabled (Zero based)
 Heap Region Size: 2M
 Heap Min Capacity: 8M
 Heap Initial Capacity: 246M
 Heap Max Capacity: 3928M
 Pre-touch: Disabled
 Parallel Workers: 13
 Concurrent Workers: 3
 Concurrent Refinement Workers: 13
 Periodic GC: Disabled

Heap:
 garbage-first heap   total reserved 4022272K, committed 251904K, used 18432K [0x000000070a800000, 0x0000000800000000)
  region size 2048K, 10 young (20480K), 0 survivors (0K)
 Metaspace       used 8433K, committed 8768K, reserved 1114112K
  class space    used 990K, committed 1152K, reserved 1048576K

Heap Regions: E=young(eden), S=young(survivor), O=old, HS=humongous(starts), HC=humongous(continues), CS=collection set, F=free, TAMS=top-at-mark-start, PB=parsable bottom
|   0|0x000000070a800000, 0x000000070a800000, 0x000000070aa00000|  0%| F|  |TAMS 0x000000070a800000| PB 0x000000070a800000| Untracked |  0
|   1|0x000000070aa00000, 0x000000070aa00000, 0x000000070ac00000|  0%| F|  |TAMS 0x000000070aa00000| PB 0x000000070aa00000| Untracked |  0
|   2|0x000000070ac00000, 0x000000070ac00000, 0x000000070ae00000|  0%| F|  |TAMS 0x000000070ac00000| PB 0x000000070ac00000| Untracked |  0
|   3|0x000000070ae00000, 0x000000070ae00000, 0x000000070b000000|  0%| F|  |TAMS 0x000000070ae00000| PB 0x000000070ae00000| Untracked |  0
|   4|0x000000070b000000, 0x000000070b000000, 0x000000070b200000|  0%| F|  |TAMS 0x000000070b000000| PB 0x000000070b000000| Untracked |  0
|   5|0x000000070b200000, 0x000000070b200000, 0x000000070b400000|  0%| F|  |TAMS 0x000000070b200000| PB 0x000000070b200000| Untracked |  0
|   6|0x000000070b400000, 0x000000070b400000, 0x000000070b600000|  0%| F|  |TAMS 0x000000070b400000| PB 0x000000070b400000| Untracked |  0
|   7|0x000000070b600000, 0x000000070b600000, 0x000000070b800000|  0%| F|  |TAMS 0x000000070b600000| PB 0x000000070b600000| Untracked |  0
|   8|0x000000070b800000, 0x000000070b800000, 0x000000070ba00000|  0%| F|  |TAMS 0x000000070b800000| PB 0x000000070b800000| Untracked |  0
|   9|0x000000070ba00000, 0x000000070ba00000, 0x000000070bc00000|  0%| F|  |TAMS 0x000000070ba00000| PB 0x000000070ba00000| Untracked |  0
|  10|0x000000070bc00000, 0x000000070bc00000, 0x000000070be00000|  0%| F|  |TAMS 0x000000070bc00000| PB 0x000000070bc00000| Untracked |  0
|  11|0x000000070be00000, 0x000000070be00000, 0x000000070c000000|  0%| F|  |TAMS 0x000000070be00000| PB 0x000000070be00000| Untracked |  0
|  12|0x000000070c000000, 0x000000070c000000, 0x000000070c200000|  0%| F|  |TAMS 0x000000070c000000| PB 0x000000070c000000| Untracked |  0
|  13|0x000000070c200000, 0x000000070c200000, 0x000000070c400000|  0%| F|  |TAMS 0x000000070c200000| PB 0x000000070c200000| Untracked |  0
|  14|0x000000070c400000, 0x000000070c400000, 0x000000070c600000|  0%| F|  |TAMS 0x000000070c400000| PB 0x000000070c400000| Untracked |  0
|  15|0x000000070c600000, 0x000000070c600000, 0x000000070c800000|  0%| F|  |TAMS 0x000000070c600000| PB 0x000000070c600000| Untracked |  0
|  16|0x000000070c800000, 0x000000070c800000, 0x000000070ca00000|  0%| F|  |TAMS 0x000000070c800000| PB 0x000000070c800000| Untracked |  0
|  17|0x000000070ca00000, 0x000000070ca00000, 0x000000070cc00000|  0%| F|  |TAMS 0x000000070ca00000| PB 0x000000070ca00000| Untracked |  0
|  18|0x000000070cc00000, 0x000000070cc00000, 0x000000070ce00000|  0%| F|  |TAMS 0x000000070cc00000| PB 0x000000070cc00000| Untracked |  0
|  19|0x000000070ce00000, 0x000000070ce00000, 0x000000070d000000|  0%| F|  |TAMS 0x000000070ce00000| PB 0x000000070ce00000| Untracked |  0
|  20|0x000000070d000000, 0x000000070d000000, 0x000000070d200000|  0%| F|  |TAMS 0x000000070d000000| PB 0x000000070d000000| Untracked |  0
|  21|0x000000070d200000, 0x000000070d200000, 0x000000070d400000|  0%| F|  |TAMS 0x000000070d200000| PB 0x000000070d200000| Untracked |  0
|  22|0x000000070d400000, 0x000000070d400000, 0x000000070d600000|  0%| F|  |TAMS 0x000000070d400000| PB 0x000000070d400000| Untracked |  0
|  23|0x000000070d600000, 0x000000070d600000, 0x000000070d800000|  0%| F|  |TAMS 0x000000070d600000| PB 0x000000070d600000| Untracked |  0
|  24|0x000000070d800000, 0x000000070d800000, 0x000000070da00000|  0%| F|  |TAMS 0x000000070d800000| PB 0x000000070d800000| Untracked |  0
|  25|0x000000070da00000, 0x000000070da00000, 0x000000070dc00000|  0%| F|  |TAMS 0x000000070da00000| PB 0x000000070da00000| Untracked |  0
|  26|0x000000070dc00000, 0x000000070dc00000, 0x000000070de00000|  0%| F|  |TAMS 0x000000070dc00000| PB 0x000000070dc00000| Untracked |  0
|  27|0x000000070de00000, 0x000000070de00000, 0x000000070e000000|  0%| F|  |TAMS 0x000000070de00000| PB 0x000000070de00000| Untracked |  0
|  28|0x000000070e000000, 0x000000070e000000, 0x000000070e200000|  0%| F|  |TAMS 0x000000070e000000| PB 0x000000070e000000| Untracked |  0
|  29|0x000000070e200000, 0x000000070e200000, 0x000000070e400000|  0%| F|  |TAMS 0x000000070e200000| PB 0x000000070e200000| Untracked |  0
|  30|0x000000070e400000, 0x000000070e400000, 0x000000070e600000|  0%| F|  |TAMS 0x000000070e400000| PB 0x000000070e400000| Untracked |  0
|  31|0x000000070e600000, 0x000000070e600000, 0x000000070e800000|  0%| F|  |TAMS 0x000000070e600000| PB 0x000000070e600000| Untracked |  0
|  32|0x000000070e800000, 0x000000070e800000, 0x000000070ea00000|  0%| F|  |TAMS 0x000000070e800000| PB 0x000000070e800000| Untracked |  0
|  33|0x000000070ea00000, 0x000000070ea00000, 0x000000070ec00000|  0%| F|  |TAMS 0x000000070ea00000| PB 0x000000070ea00000| Untracked |  0
|  34|0x000000070ec00000, 0x000000070ec00000, 0x000000070ee00000|  0%| F|  |TAMS 0x000000070ec00000| PB 0x000000070ec00000| Untracked |  0
|  35|0x000000070ee00000, 0x000000070ee00000, 0x000000070f000000|  0%| F|  |TAMS 0x000000070ee00000| PB 0x000000070ee00000| Untracked |  0
|  36|0x000000070f000000, 0x000000070f000000, 0x000000070f200000|  0%| F|  |TAMS 0x000000070f000000| PB 0x000000070f000000| Untracked |  0
|  37|0x000000070f200000, 0x000000070f200000, 0x000000070f400000|  0%| F|  |TAMS 0x000000070f200000| PB 0x000000070f200000| Untracked |  0
|  38|0x000000070f400000, 0x000000070f400000, 0x000000070f600000|  0%| F|  |TAMS 0x000000070f400000| PB 0x000000070f400000| Untracked |  0
|  39|0x000000070f600000, 0x000000070f600000, 0x000000070f800000|  0%| F|  |TAMS 0x000000070f600000| PB 0x000000070f600000| Untracked |  0
|  40|0x000000070f800000, 0x000000070f800000, 0x000000070fa00000|  0%| F|  |TAMS 0x000000070f800000| PB 0x000000070f800000| Untracked |  0
|  41|0x000000070fa00000, 0x000000070fa00000, 0x000000070fc00000|  0%| F|  |TAMS 0x000000070fa00000| PB 0x000000070fa00000| Untracked |  0
|  42|0x000000070fc00000, 0x000000070fc00000, 0x000000070fe00000|  0%| F|  |TAMS 0x000000070fc00000| PB 0x000000070fc00000| Untracked |  0
|  43|0x000000070fe00000, 0x000000070fe00000, 0x0000000710000000|  0%| F|  |TAMS 0x000000070fe00000| PB 0x000000070fe00000| Untracked |  0
|  44|0x0000000710000000, 0x0000000710000000, 0x0000000710200000|  0%| F|  |TAMS 0x0000000710000000| PB 0x0000000710000000| Untracked |  0
|  45|0x0000000710200000, 0x0000000710200000, 0x0000000710400000|  0%| F|  |TAMS 0x0000000710200000| PB 0x0000000710200000| Untracked |  0
|  46|0x0000000710400000, 0x0000000710400000, 0x0000000710600000|  0%| F|  |TAMS 0x0000000710400000| PB 0x0000000710400000| Untracked |  0
|  47|0x0000000710600000, 0x0000000710600000, 0x0000000710800000|  0%| F|  |TAMS 0x0000000710600000| PB 0x0000000710600000| Untracked |  0
|  48|0x0000000710800000, 0x0000000710800000, 0x0000000710a00000|  0%| F|  |TAMS 0x0000000710800000| PB 0x0000000710800000| Untracked |  0
|  49|0x0000000710a00000, 0x0000000710a00000, 0x0000000710c00000|  0%| F|  |TAMS 0x0000000710a00000| PB 0x0000000710a00000| Untracked |  0
|  50|0x0000000710c00000, 0x0000000710c00000, 0x0000000710e00000|  0%| F|  |TAMS 0x0000000710c00000| PB 0x0000000710c00000| Untracked |  0
|  51|0x0000000710e00000, 0x0000000710e00000, 0x0000000711000000|  0%| F|  |TAMS 0x0000000710e00000| PB 0x0000000710e00000| Untracked |  0
|  52|0x0000000711000000, 0x0000000711000000, 0x0000000711200000|  0%| F|  |TAMS 0x0000000711000000| PB 0x0000000711000000| Untracked |  0
|  53|0x0000000711200000, 0x0000000711200000, 0x0000000711400000|  0%| F|  |TAMS 0x0000000711200000| PB 0x0000000711200000| Untracked |  0
|  54|0x0000000711400000, 0x0000000711400000, 0x0000000711600000|  0%| F|  |TAMS 0x0000000711400000| PB 0x0000000711400000| Untracked |  0
|  55|0x0000000711600000, 0x0000000711600000, 0x0000000711800000|  0%| F|  |TAMS 0x0000000711600000| PB 0x0000000711600000| Untracked |  0
|  56|0x0000000711800000, 0x0000000711800000, 0x0000000711a00000|  0%| F|  |TAMS 0x0000000711800000| PB 0x0000000711800000| Untracked |  0
|  57|0x0000000711a00000, 0x0000000711a00000, 0x0000000711c00000|  0%| F|  |TAMS 0x0000000711a00000| PB 0x0000000711a00000| Untracked |  0
|  58|0x0000000711c00000, 0x0000000711c00000, 0x0000000711e00000|  0%| F|  |TAMS 0x0000000711c00000| PB 0x0000000711c00000| Untracked |  0
|  59|0x0000000711e00000, 0x0000000711e00000, 0x0000000712000000|  0%| F|  |TAMS 0x0000000711e00000| PB 0x0000000711e00000| Untracked |  0
|  60|0x0000000712000000, 0x0000000712000000, 0x0000000712200000|  0%| F|  |TAMS 0x0000000712000000| PB 0x0000000712000000| Untracked |  0
|  61|0x0000000712200000, 0x0000000712200000, 0x0000000712400000|  0%| F|  |TAMS 0x0000000712200000| PB 0x0000000712200000| Untracked |  0
|  62|0x0000000712400000, 0x0000000712400000, 0x0000000712600000|  0%| F|  |TAMS 0x0000000712400000| PB 0x0000000712400000| Untracked |  0
|  63|0x0000000712600000, 0x0000000712600000, 0x0000000712800000|  0%| F|  |TAMS 0x0000000712600000| PB 0x0000000712600000| Untracked |  0
|  64|0x0000000712800000, 0x0000000712800000, 0x0000000712a00000|  0%| F|  |TAMS 0x0000000712800000| PB 0x0000000712800000| Untracked |  0
|  65|0x0000000712a00000, 0x0000000712a00000, 0x0000000712c00000|  0%| F|  |TAMS 0x0000000712a00000| PB 0x0000000712a00000| Untracked |  0
|  66|0x0000000712c00000, 0x0000000712c00000, 0x0000000712e00000|  0%| F|  |TAMS 0x0000000712c00000| PB 0x0000000712c00000| Untracked |  0
|  67|0x0000000712e00000, 0x0000000712e00000, 0x0000000713000000|  0%| F|  |TAMS 0x0000000712e00000| PB 0x0000000712e00000| Untracked |  0
|  68|0x0000000713000000, 0x0000000713000000, 0x0000000713200000|  0%| F|  |TAMS 0x0000000713000000| PB 0x0000000713000000| Untracked |  0
|  69|0x0000000713200000, 0x0000000713200000, 0x0000000713400000|  0%| F|  |TAMS 0x0000000713200000| PB 0x0000000713200000| Untracked |  0
|  70|0x0000000713400000, 0x0000000713400000, 0x0000000713600000|  0%| F|  |TAMS 0x0000000713400000| PB 0x0000000713400000| Untracked |  0
|  71|0x0000000713600000, 0x0000000713600000, 0x0000000713800000|  0%| F|  |TAMS 0x0000000713600000| PB 0x0000000713600000| Untracked |  0
|  72|0x0000000713800000, 0x0000000713800000, 0x0000000713a00000|  0%| F|  |TAMS 0x0000000713800000| PB 0x0000000713800000| Untracked |  0
|  73|0x0000000713a00000, 0x0000000713a00000, 0x0000000713c00000|  0%| F|  |TAMS 0x0000000713a00000| PB 0x0000000713a00000| Untracked |  0
|  74|0x0000000713c00000, 0x0000000713c00000, 0x0000000713e00000|  0%| F|  |TAMS 0x0000000713c00000| PB 0x0000000713c00000| Untracked |  0
|  75|0x0000000713e00000, 0x0000000713e00000, 0x0000000714000000|  0%| F|  |TAMS 0x0000000713e00000| PB 0x0000000713e00000| Untracked |  0
|  76|0x0000000714000000, 0x0000000714000000, 0x0000000714200000|  0%| F|  |TAMS 0x0000000714000000| PB 0x0000000714000000| Untracked |  0
|  77|0x0000000714200000, 0x0000000714200000, 0x0000000714400000|  0%| F|  |TAMS 0x0000000714200000| PB 0x0000000714200000| Untracked |  0
|  78|0x0000000714400000, 0x0000000714400000, 0x0000000714600000|  0%| F|  |TAMS 0x0000000714400000| PB 0x0000000714400000| Untracked |  0
|  79|0x0000000714600000, 0x0000000714600000, 0x0000000714800000|  0%| F|  |TAMS 0x0000000714600000| PB 0x0000000714600000| Untracked |  0
|  80|0x0000000714800000, 0x0000000714800000, 0x0000000714a00000|  0%| F|  |TAMS 0x0000000714800000| PB 0x0000000714800000| Untracked |  0
|  81|0x0000000714a00000, 0x0000000714a00000, 0x0000000714c00000|  0%| F|  |TAMS 0x0000000714a00000| PB 0x0000000714a00000| Untracked |  0
|  82|0x0000000714c00000, 0x0000000714c00000, 0x0000000714e00000|  0%| F|  |TAMS 0x0000000714c00000| PB 0x0000000714c00000| Untracked |  0
|  83|0x0000000714e00000, 0x0000000714e00000, 0x0000000715000000|  0%| F|  |TAMS 0x0000000714e00000| PB 0x0000000714e00000| Untracked |  0
|  84|0x0000000715000000, 0x0000000715000000, 0x0000000715200000|  0%| F|  |TAMS 0x0000000715000000| PB 0x0000000715000000| Untracked |  0
|  85|0x0000000715200000, 0x0000000715200000, 0x0000000715400000|  0%| F|  |TAMS 0x0000000715200000| PB 0x0000000715200000| Untracked |  0
|  86|0x0000000715400000, 0x0000000715400000, 0x0000000715600000|  0%| F|  |TAMS 0x0000000715400000| PB 0x0000000715400000| Untracked |  0
|  87|0x0000000715600000, 0x0000000715600000, 0x0000000715800000|  0%| F|  |TAMS 0x0000000715600000| PB 0x0000000715600000| Untracked |  0
|  88|0x0000000715800000, 0x0000000715800000, 0x0000000715a00000|  0%| F|  |TAMS 0x0000000715800000| PB 0x0000000715800000| Untracked |  0
|  89|0x0000000715a00000, 0x0000000715a00000, 0x0000000715c00000|  0%| F|  |TAMS 0x0000000715a00000| PB 0x0000000715a00000| Untracked |  0
|  90|0x0000000715c00000, 0x0000000715c00000, 0x0000000715e00000|  0%| F|  |TAMS 0x0000000715c00000| PB 0x0000000715c00000| Untracked |  0
|  91|0x0000000715e00000, 0x0000000715e00000, 0x0000000716000000|  0%| F|  |TAMS 0x0000000715e00000| PB 0x0000000715e00000| Untracked |  0
|  92|0x0000000716000000, 0x0000000716000000, 0x0000000716200000|  0%| F|  |TAMS 0x0000000716000000| PB 0x0000000716000000| Untracked |  0
|  93|0x0000000716200000, 0x0000000716200000, 0x0000000716400000|  0%| F|  |TAMS 0x0000000716200000| PB 0x0000000716200000| Untracked |  0
|  94|0x0000000716400000, 0x0000000716400000, 0x0000000716600000|  0%| F|  |TAMS 0x0000000716400000| PB 0x0000000716400000| Untracked |  0
|  95|0x0000000716600000, 0x0000000716600000, 0x0000000716800000|  0%| F|  |TAMS 0x0000000716600000| PB 0x0000000716600000| Untracked |  0
|  96|0x0000000716800000, 0x0000000716800000, 0x0000000716a00000|  0%| F|  |TAMS 0x0000000716800000| PB 0x0000000716800000| Untracked |  0
|  97|0x0000000716a00000, 0x0000000716a00000, 0x0000000716c00000|  0%| F|  |TAMS 0x0000000716a00000| PB 0x0000000716a00000| Untracked |  0
|  98|0x0000000716c00000, 0x0000000716c00000, 0x0000000716e00000|  0%| F|  |TAMS 0x0000000716c00000| PB 0x0000000716c00000| Untracked |  0
|  99|0x0000000716e00000, 0x0000000716e00000, 0x0000000717000000|  0%| F|  |TAMS 0x0000000716e00000| PB 0x0000000716e00000| Untracked |  0
| 100|0x0000000717000000, 0x0000000717000000, 0x0000000717200000|  0%| F|  |TAMS 0x0000000717000000| PB 0x0000000717000000| Untracked |  0
| 101|0x0000000717200000, 0x0000000717200000, 0x0000000717400000|  0%| F|  |TAMS 0x0000000717200000| PB 0x0000000717200000| Untracked |  0
| 102|0x0000000717400000, 0x0000000717400000, 0x0000000717600000|  0%| F|  |TAMS 0x0000000717400000| PB 0x0000000717400000| Untracked |  0
| 103|0x0000000717600000, 0x0000000717600000, 0x0000000717800000|  0%| F|  |TAMS 0x0000000717600000| PB 0x0000000717600000| Untracked |  0
| 104|0x0000000717800000, 0x0000000717800000, 0x0000000717a00000|  0%| F|  |TAMS 0x0000000717800000| PB 0x0000000717800000| Untracked |  0
| 105|0x0000000717a00000, 0x0000000717a00000, 0x0000000717c00000|  0%| F|  |TAMS 0x0000000717a00000| PB 0x0000000717a00000| Untracked |  0
| 106|0x0000000717c00000, 0x0000000717c00000, 0x0000000717e00000|  0%| F|  |TAMS 0x0000000717c00000| PB 0x0000000717c00000| Untracked |  0
| 107|0x0000000717e00000, 0x0000000717e00000, 0x0000000718000000|  0%| F|  |TAMS 0x0000000717e00000| PB 0x0000000717e00000| Untracked |  0
| 108|0x0000000718000000, 0x0000000718000000, 0x0000000718200000|  0%| F|  |TAMS 0x0000000718000000| PB 0x0000000718000000| Untracked |  0
| 109|0x0000000718200000, 0x0000000718200000, 0x0000000718400000|  0%| F|  |TAMS 0x0000000718200000| PB 0x0000000718200000| Untracked |  0
| 110|0x0000000718400000, 0x0000000718400000, 0x0000000718600000|  0%| F|  |TAMS 0x0000000718400000| PB 0x0000000718400000| Untracked |  0
| 111|0x0000000718600000, 0x0000000718600000, 0x0000000718800000|  0%| F|  |TAMS 0x0000000718600000| PB 0x0000000718600000| Untracked |  0
| 112|0x0000000718800000, 0x0000000718800000, 0x0000000718a00000|  0%| F|  |TAMS 0x0000000718800000| PB 0x0000000718800000| Untracked |  0
| 113|0x0000000718a00000, 0x0000000718b71dd8, 0x0000000718c00000| 72%| E|  |TAMS 0x0000000718a00000| PB 0x0000000718a00000| Complete |  0
| 114|0x0000000718c00000, 0x0000000718e00000, 0x0000000718e00000|100%| E|CS|TAMS 0x0000000718c00000| PB 0x0000000718c00000| Complete |  0
| 115|0x0000000718e00000, 0x0000000719000000, 0x0000000719000000|100%| E|CS|TAMS 0x0000000718e00000| PB 0x0000000718e00000| Complete |  0
| 116|0x0000000719000000, 0x0000000719200000, 0x0000000719200000|100%| E|CS|TAMS 0x0000000719000000| PB 0x0000000719000000| Complete |  0
| 117|0x0000000719200000, 0x0000000719400000, 0x0000000719400000|100%| E|CS|TAMS 0x0000000719200000| PB 0x0000000719200000| Complete |  0
| 118|0x0000000719400000, 0x0000000719600000, 0x0000000719600000|100%| E|CS|TAMS 0x0000000719400000| PB 0x0000000719400000| Complete |  0
| 119|0x0000000719600000, 0x0000000719800000, 0x0000000719800000|100%| E|CS|TAMS 0x0000000719600000| PB 0x0000000719600000| Complete |  0
| 120|0x0000000719800000, 0x0000000719a00000, 0x0000000719a00000|100%| E|CS|TAMS 0x0000000719800000| PB 0x0000000719800000| Complete |  0
| 121|0x0000000719a00000, 0x0000000719c00000, 0x0000000719c00000|100%| E|CS|TAMS 0x0000000719a00000| PB 0x0000000719a00000| Complete |  0
| 122|0x0000000719c00000, 0x0000000719e00000, 0x0000000719e00000|100%| E|CS|TAMS 0x0000000719c00000| PB 0x0000000719c00000| Complete |  0

Card table byte_map: [0x00000245c3f00000,0x00000245c46b0000] _byte_map_base: 0x00000245c06ac000

Marking Bits: (CMBitMap*) 0x00000245ab6e6490
 Bits: [0x00000245c46b0000, 0x00000245c8410000)

Polling page: 0x00000245aae50000

Metaspace:

Usage:
  Non-class:      7.27 MB used.
      Class:    990.10 KB used.
       Both:      8.24 MB used.

Virtual space:
  Non-class space:       64.00 MB reserved,       7.44 MB ( 12%) committed,  1 nodes.
      Class space:        1.00 GB reserved,       1.12 MB ( <1%) committed,  1 nodes.
             Both:        1.06 GB reserved,       8.56 MB ( <1%) committed. 

Chunk freelists:
   Non-Class:  8.34 MB
       Class:  14.92 MB
        Both:  23.27 MB

MaxMetaspaceSize: unlimited
CompressedClassSpaceSize: 1.00 GB
Initial GC threshold: 21.00 MB
Current GC threshold: 21.00 MB
CDS: on
 - commit_granule_bytes: 65536.
 - commit_granule_words: 8192.
 - virtual_space_node_default_size: 8388608.
 - enlarge_chunks_in_place: 1.
 - use_allocation_guard: 0.


Internal statistics:

num_allocs_failed_limit: 0.
num_arena_births: 254.
num_arena_deaths: 0.
num_vsnodes_births: 2.
num_vsnodes_deaths: 0.
num_space_committed: 137.
num_space_uncommitted: 0.
num_chunks_returned_to_freelist: 0.
num_chunks_taken_from_freelist: 339.
num_chunk_merges: 0.
num_chunk_splits: 220.
num_chunks_enlarged: 113.
num_inconsistent_stats: 0.

CodeHeap 'non-profiled nmethods': size=119232Kb used=477Kb max_used=477Kb free=118754Kb
 bounds [0x00000245bb950000, 0x00000245bbbc0000, 0x00000245c2dc0000]
CodeHeap 'profiled nmethods': size=119104Kb used=2146Kb max_used=2146Kb free=116958Kb
 bounds [0x00000245b3dc0000, 0x00000245b4030000, 0x00000245bb210000]
CodeHeap 'non-nmethods': size=7424Kb used=1454Kb max_used=3131Kb free=5969Kb
 bounds [0x00000245bb210000, 0x00000245bb530000, 0x00000245bb950000]
CodeCache: size=245760Kb, used=4077Kb, max_used=5754Kb, free=241681Kb
 total_blobs=2231, nmethods=1679, adapters=458, full_count=0
Compilation: enabled, stopped_count=0, restarted_count=0

Compilation events (20 events):
Event: 8.472 Thread 0x00000245cb48fd50 1670       3       sun.net.util.IPAddressUtil::earlyURLParsing (12 bytes)
Event: 8.472 Thread 0x00000245cb48fd50 nmethod 1670 0x00000245b3fd4108 code [0x00000245b3fd4220, 0x00000245b3fd4330]
Event: 8.474 Thread 0x00000245cb48fd50 1671       3       java.util.jar.JarFile::maybeInstantiateVerifier (42 bytes)
Event: 8.475 Thread 0x00000245cb48fd50 nmethod 1671 0x00000245b3fd4408 code [0x00000245b3fd4560, 0x00000245b3fd48b8]
Event: 8.477 Thread 0x00000245cb48fd50 1673       3       java.lang.invoke.MemberName::asSpecial (89 bytes)
Event: 8.478 Thread 0x00000245cb48fd50 nmethod 1673 0x00000245b3fd4908 code [0x00000245b3fd4b40, 0x00000245b3fd5748]
Event: 8.478 Thread 0x00000245cb48fd50 1672       3       java.lang.ClassLoader::loadClass (7 bytes)
Event: 8.478 Thread 0x00000245cb48fd50 nmethod 1672 0x00000245b3fd5788 code [0x00000245b3fd58a0, 0x00000245b3fd5a78]
Event: 8.480 Thread 0x00000245cb467fe0 1675       4       java.util.HashMap::putVal (300 bytes)
Event: 8.480 Thread 0x00000245cb48fd50 1676       3       java.lang.System$2::findBootstrapClassOrNull (5 bytes)
Event: 8.481 Thread 0x00000245cb48fd50 nmethod 1676 0x00000245b3fd5a88 code [0x00000245b3fd5bc0, 0x00000245b3fd5dd0]
Event: 8.481 Thread 0x00000245cb48fd50 1677       3       java.lang.ClassLoader::findBootstrapClassOrNull (14 bytes)
Event: 8.481 Thread 0x00000245cb48fd50 nmethod 1677 0x00000245b3fd5e08 code [0x00000245b3fd5f40, 0x00000245b3fd60f8]
Event: 8.482 Thread 0x00000245cb48fd50 1678       1       java.net.URLStreamHandler::getDefaultPort (2 bytes)
Event: 8.482 Thread 0x00000245cb48fd50 nmethod 1678 0x00000245bb9c7388 code [0x00000245bb9c74a0, 0x00000245bb9c7568]
Event: 8.485 Thread 0x00000245cb48fd50 1679  s!   3       jdk.internal.loader.URLClassPath::getLoader (194 bytes)
Event: 8.487 Thread 0x00000245cb48fd50 nmethod 1679 0x00000245b3fd6108 code [0x00000245b3fd6380, 0x00000245b3fd7968]
Event: 8.487 Thread 0x00000245cb48fd50 1680       3       java.security.CodeSource::getCertificates (95 bytes)
Event: 8.488 Thread 0x00000245cb48fd50 nmethod 1680 0x00000245b3fd7a08 code [0x00000245b3fd7be0, 0x00000245b3fd87b0]
Event: 8.488 Thread 0x00000245cb48fd50 1681       3       java.lang.invoke.TypeConvertingMethodAdapter::convertType (299 bytes)

GC Heap History (0 events):
No events

Dll operation events (14 events):
Event: 0.018 Loaded shared library C:\Users\ertec\.jdks\openjdk-23.0.2\bin\java.dll
Event: 0.068 Loaded shared library C:\Users\ertec\.jdks\openjdk-23.0.2\bin\jsvml.dll
Event: 0.128 Loaded shared library C:\Users\ertec\.jdks\openjdk-23.0.2\bin\zip.dll
Event: 0.133 Loaded shared library C:\Users\ertec\.jdks\openjdk-23.0.2\bin\instrument.dll
Event: 0.142 Loaded shared library C:\Users\ertec\.jdks\openjdk-23.0.2\bin\net.dll
Event: 0.146 Loaded shared library C:\Users\ertec\.jdks\openjdk-23.0.2\bin\nio.dll
Event: 0.154 Loaded shared library C:\Users\ertec\.jdks\openjdk-23.0.2\bin\zip.dll
Event: 0.184 Loaded shared library C:\Program Files\JetBrains\IntelliJ IDEA 2024.3.2\bin\breakgen64.dll
Event: 0.197 Loaded shared library C:\Users\ertec\.jdks\openjdk-23.0.2\bin\jimage.dll
Event: 0.205 Loaded shared library C:\Users\ertec\.jdks\openjdk-23.0.2\bin\extnet.dll
Event: 0.315 Loaded shared library C:\Users\ertec\.jdks\openjdk-23.0.2\bin\sunmscapi.dll
Event: 0.318 Loaded shared library C:\Users\ertec\.jdks\openjdk-23.0.2\bin\management.dll
Event: 0.337 Loaded shared library C:\Users\ertec\.jdks\openjdk-23.0.2\bin\management_ext.dll
Event: 8.397 Loaded shared library C:\Users\ertec\.jdks\openjdk-23.0.2\bin\verify.dll

Deoptimization events (20 events):
Event: 0.552 Thread 0x00000245cb458de0 DEOPT PACKING pc=0x00000245bb99a764 sp=0x00000085f15fd170
Event: 0.552 Thread 0x00000245cb458de0 DEOPT UNPACKING pc=0x00000245bb264402 sp=0x00000085f15fd0e8 mode 2
Event: 0.628 Thread 0x00000245cb458de0 Uncommon trap: trap_request=0xffffff45 fr.pc=0x00000245bb9a2cc0 relative=0x0000000000000220
Event: 0.628 Thread 0x00000245cb458de0 Uncommon trap: reason=unstable_if action=reinterpret pc=0x00000245bb9a2cc0 method=java.lang.String.startsWith(Ljava/lang/String;I)Z @ 1 c2
Event: 0.628 Thread 0x00000245cb458de0 DEOPT PACKING pc=0x00000245bb9a2cc0 sp=0x00000085f15fe950
Event: 0.628 Thread 0x00000245cb458de0 DEOPT UNPACKING pc=0x00000245bb264402 sp=0x00000085f15fe8f8 mode 2
Event: 0.661 Thread 0x00000245cb458de0 Uncommon trap: trap_request=0xffffff45 fr.pc=0x00000245bb9a66fc relative=0x000000000000041c
Event: 0.661 Thread 0x00000245cb458de0 Uncommon trap: reason=unstable_if action=reinterpret pc=0x00000245bb9a66fc method=java.util.HashMap.getNode(Ljava/lang/Object;)Ljava/util/HashMap$Node; @ 66 c2
Event: 0.661 Thread 0x00000245cb458de0 DEOPT PACKING pc=0x00000245bb9a66fc sp=0x00000085f15fd9f0
Event: 0.661 Thread 0x00000245cb458de0 DEOPT UNPACKING pc=0x00000245bb264402 sp=0x00000085f15fd960 mode 2
Event: 0.662 Thread 0x00000245cb458de0 Uncommon trap: trap_request=0xffffff6e fr.pc=0x00000245bb977794 relative=0x0000000000000174
Event: 0.662 Thread 0x00000245cb458de0 Uncommon trap: reason=loop_limit_check action=maybe_recompile pc=0x00000245bb977794 method=java.lang.StringLatin1.lastIndexOf([BII)I @ 19 c2
Event: 0.662 Thread 0x00000245cb458de0 DEOPT PACKING pc=0x00000245bb977794 sp=0x00000085f15fda70
Event: 0.662 Thread 0x00000245cb458de0 DEOPT UNPACKING pc=0x00000245bb264402 sp=0x00000085f15fd9f0 mode 2
Event: 0.721 Thread 0x00000246115b85f0 Uncommon trap: trap_request=0xffffff45 fr.pc=0x00000245bb96cf40 relative=0x0000000000000040
Event: 0.721 Thread 0x00000246115b85f0 Uncommon trap: reason=unstable_if action=reinterpret pc=0x00000245bb96cf40 method=java.util.concurrent.locks.AbstractQueuedSynchronizer.signalNext(Ljava/util/concurrent/locks/AbstractQueuedSynchronizer$Node;)V @ 1 c2
Event: 0.721 Thread 0x00000246115b85f0 DEOPT PACKING pc=0x00000245bb96cf40 sp=0x00000085f26ff2d0
Event: 0.721 Thread 0x00000246115b85f0 DEOPT UNPACKING pc=0x00000245bb264402 sp=0x00000085f26ff268 mode 2
Event: 2.346 Thread 0x000002461157d310 DEOPT PACKING pc=0x00000245b3ee08bf sp=0x00000085f25fe710
Event: 2.346 Thread 0x000002461157d310 DEOPT UNPACKING pc=0x00000245bb264b22 sp=0x00000085f25fdb88 mode 0

Classes loaded (20 events):
Event: 8.401 Loading class java/util/concurrent/LinkedBlockingQueue$Node
Event: 8.401 Loading class java/util/concurrent/LinkedBlockingQueue$Node done
Event: 8.402 Loading class jdk/internal/foreign/MemorySessionImpl
Event: 8.402 Loading class java/lang/foreign/MemorySegment$Scope
Event: 8.403 Loading class java/lang/foreign/MemorySegment$Scope done
Event: 8.403 Loading class jdk/internal/foreign/MemorySessionImpl done
Event: 8.410 Loading class sun/util/resources/LocaleData$CommonResourceBundleProvider
Event: 8.410 Loading class sun/util/resources/LocaleData$LocaleDataResourceBundleProvider
Event: 8.410 Loading class java/util/spi/ResourceBundleProvider
Event: 8.410 Loading class java/util/spi/ResourceBundleProvider done
Event: 8.410 Loading class sun/util/resources/LocaleData$LocaleDataResourceBundleProvider done
Event: 8.410 Loading class sun/util/resources/LocaleData$CommonResourceBundleProvider done
Event: 8.410 Loading class java/util/ArrayList$SubList$1
Event: 8.410 Loading class java/util/ArrayList$SubList$1 done
Event: 8.410 Loading class sun/util/resources/Bundles$2
Event: 8.411 Loading class sun/util/resources/Bundles$2 done
Event: 8.411 Loading class java/lang/InstantiationException
Event: 8.411 Loading class java/lang/InstantiationException done
Event: 8.417 Loading class java/net/UnknownHostException
Event: 8.417 Loading class java/net/UnknownHostException done

Classes unloaded (0 events):
No events

Classes redefined (0 events):
No events

Internal exceptions (20 events):
Event: 0.372 Thread 0x00000245ab67c7a0 Exception <a 'java/lang/NoSuchMethodError'{0x000000071941e468}: 'java.lang.Object java.lang.invoke.DirectMethodHandle$Holder.invokeStaticInit(java.lang.Object, java.lang.Object, int, int, int, int)'> (0x000000071941e468) 
thrown [s\open\src\hotspot\share\interpreter\linkResolver.cpp, line 796]
Event: 0.436 Thread 0x00000245cb458de0 Exception <a 'java/lang/NoSuchMethodError'{0x00000007194f40e8}: 'void java.lang.invoke.DirectMethodHandle$Holder.invokeSpecial(java.lang.Object, java.lang.Object, java.lang.Object)'> (0x00000007194f40e8) 
thrown [s\open\src\hotspot\share\interpreter\linkResolver.cpp, line 796]
Event: 0.438 Thread 0x00000245cb458de0 Exception <a 'java/lang/NoSuchMethodError'{0x00000007194fdd38}: 'void java.lang.invoke.DirectMethodHandle$Holder.invokeStatic(java.lang.Object, int, java.lang.Object)'> (0x00000007194fdd38) 
thrown [s\open\src\hotspot\share\interpreter\linkResolver.cpp, line 796]
Event: 0.458 Thread 0x00000245cb458de0 Exception <a 'java/lang/NoSuchMethodError'{0x0000000719540f88}: 'int java.lang.invoke.DirectMethodHandle$Holder.invokeSpecial(java.lang.Object, java.lang.Object, java.lang.Object)'> (0x0000000719540f88) 
thrown [s\open\src\hotspot\share\interpreter\linkResolver.cpp, line 796]
Event: 0.503 Thread 0x00000245cb458de0 Exception <a 'java/lang/NoSuchMethodError'{0x000000071928e380}: 'java.lang.Object java.lang.invoke.DirectMethodHandle$Holder.invokeStaticInit(java.lang.Object, java.lang.Object, java.lang.Object)'> (0x000000071928e380) 
thrown [s\open\src\hotspot\share\interpreter\linkResolver.cpp, line 796]
Event: 0.654 Thread 0x00000245cb458de0 Exception <a 'java/lang/ClassNotFoundException'{0x00000007191da918}: javax/management/remote/rmi/RMIServerImpl_Skel> (0x00000007191da918) 
thrown [s\open\src\hotspot\share\classfile\systemDictionary.cpp, line 313]
Event: 0.673 Thread 0x00000245cb458de0 Exception <a 'java/lang/NoSuchMethodError'{0x00000007191f61f8}: 'long java.lang.invoke.Invokers$Holder.invokeExact_MT(java.lang.Object, java.lang.Object)'> (0x00000007191f61f8) 
thrown [s\open\src\hotspot\share\interpreter\linkResolver.cpp, line 796]
Event: 0.722 Thread 0x000002461157d310 Exception <a 'java/lang/NoSuchMethodError'{0x0000000718f55a50}: static [B.<clinit>()V> (0x0000000718f55a50) 
thrown [s\open\src\hotspot\share\prims\jni.cpp, line 1111]
Event: 0.724 Thread 0x000002461157d310 Exception <a 'java/lang/NoSuchMethodError'{0x0000000718f59c00}: 'java.lang.Object java.lang.invoke.DirectMethodHandle$Holder.invokeInterface(java.lang.Object, java.lang.Object, java.lang.Object)'> (0x0000000718f59c00) 
thrown [s\open\src\hotspot\share\interpreter\linkResolver.cpp, line 796]
Event: 0.748 Thread 0x000002461157d310 Exception <a 'java/lang/ClassNotFoundException'{0x0000000718ffa770}: javax/management/remote/rmi/RMIConnectionImpl_Skel> (0x0000000718ffa770) 
thrown [s\open\src\hotspot\share\classfile\systemDictionary.cpp, line 313]
Event: 0.751 Thread 0x0000024611398900 Exception <a 'java/lang/NoSuchMethodError'{0x0000000718c2c620}: 'java.lang.Object java.lang.invoke.Invokers$Holder.linkToTargetMethod(java.lang.Object, long, java.lang.Object)'> (0x0000000718c2c620) 
thrown [s\open\src\hotspot\share\interpreter\linkResolver.cpp, line 796]
Event: 0.760 Thread 0x000002461157d310 Exception <a 'java/lang/NoSuchMethodError'{0x0000000718c953d8}: 'java.lang.Object java.lang.invoke.DirectMethodHandle$Holder.invokeInterface(java.lang.Object, java.lang.Object)'> (0x0000000718c953d8) 
thrown [s\open\src\hotspot\share\interpreter\linkResolver.cpp, line 796]
Event: 0.770 Thread 0x000002461157d310 Exception <a 'java/lang/NoSuchMethodError'{0x0000000718cb0f58}: 'int java.lang.invoke.DelegatingMethodHandle$Holder.reinvoke_L(java.lang.Object, java.lang.Object, java.lang.Object, java.lang.Object, java.lang.Object)'> (0x0000000718cb0f58) 
thrown [s\open\src\hotspot\share\interpreter\linkResolver.cpp, line 796]
Event: 0.790 Thread 0x000002461157d310 Exception <a 'java/lang/NoSuchMethodError'{0x0000000718cccc30}: 'java.lang.Object java.lang.invoke.DirectMethodHandle$Holder.invokeInterface(java.lang.Object, java.lang.Object, java.lang.Object, java.lang.Object, java.lang.Object)'> (0x0000000718cccc30) 
thrown [s\open\src\hotspot\share\interpreter\linkResolver.cpp, line 796]
Event: 0.797 Thread 0x000002461157d310 Exception <a 'java/lang/NoSuchMethodError'{0x0000000718cf0178}: 'double java.lang.invoke.DirectMethodHandle$Holder.invokeInterface(java.lang.Object, java.lang.Object)'> (0x0000000718cf0178) 
thrown [s\open\src\hotspot\share\interpreter\linkResolver.cpp, line 796]
Event: 0.797 Thread 0x000002461157d310 Exception <a 'java/lang/NoSuchMethodError'{0x0000000718cf7e38}: 'double java.lang.invoke.DelegatingMethodHandle$Holder.reinvoke_L(java.lang.Object, java.lang.Object)'> (0x0000000718cf7e38) 
thrown [s\open\src\hotspot\share\interpreter\linkResolver.cpp, line 796]
Event: 1.279 Thread 0x000002461157d310 Exception <a 'java/lang/NoSuchMethodError'{0x0000000718d10f90}: 'long java.lang.invoke.DirectMethodHandle$Holder.invokeVirtual(java.lang.Object, java.lang.Object)'> (0x0000000718d10f90) 
thrown [s\open\src\hotspot\share\interpreter\linkResolver.cpp, line 796]
Event: 1.280 Thread 0x000002461157d310 Exception <a 'java/lang/NoSuchMethodError'{0x0000000718d14588}: 'long java.lang.invoke.DelegatingMethodHandle$Holder.reinvoke_L(java.lang.Object, java.lang.Object)'> (0x0000000718d14588) 
thrown [s\open\src\hotspot\share\interpreter\linkResolver.cpp, line 796]
Event: 8.388 Thread 0x00000245ab67c7a0 Exception <a 'java/lang/NoSuchMethodError'{0x000000071943ba80}: 'java.lang.Object java.lang.invoke.DirectMethodHandle$Holder.newInvokeSpecial(java.lang.Object, java.lang.Object, int)'> (0x000000071943ba80) 
thrown [s\open\src\hotspot\share\interpreter\linkResolver.cpp, line 796]
Event: 8.403 Thread 0x00000245ab67c7a0 Exception <a 'java/lang/NoClassDefFoundError'{0x0000000718dfc4e0}: org/slf4j/impl/StaticLoggerBinder> (0x0000000718dfc4e0) 
thrown [s\open\src\hotspot\share\classfile\systemDictionary.cpp, line 302]

VM Operations (16 events):
Event: 0.108 Executing VM operation: HandshakeAllThreads (Deoptimize)
Event: 0.108 Executing VM operation: HandshakeAllThreads (Deoptimize) done
Event: 0.219 Executing VM operation: HandshakeAllThreads (Deoptimize)
Event: 0.219 Executing VM operation: HandshakeAllThreads (Deoptimize) done
Event: 0.270 Executing VM operation: HandshakeAllThreads (Deoptimize)
Event: 0.270 Executing VM operation: HandshakeAllThreads (Deoptimize) done
Event: 0.277 Executing VM operation: HandshakeAllThreads (Deoptimize)
Event: 0.277 Executing VM operation: HandshakeAllThreads (Deoptimize) done
Event: 0.326 Executing VM operation: HandshakeAllThreads (Deoptimize)
Event: 0.326 Executing VM operation: HandshakeAllThreads (Deoptimize) done
Event: 0.326 Executing VM operation: HandshakeAllThreads (Deoptimize)
Event: 0.327 Executing VM operation: HandshakeAllThreads (Deoptimize) done
Event: 0.653 Executing VM operation: HandshakeAllThreads (Deoptimize)
Event: 0.653 Executing VM operation: HandshakeAllThreads (Deoptimize) done
Event: 0.747 Executing VM operation: HandshakeAllThreads (Deoptimize)
Event: 0.747 Executing VM operation: HandshakeAllThreads (Deoptimize) done

Memory protections (0 events):
No events

Nmethod flushes (0 events):
No events

Events (20 events):
Event: 0.118 Thread 0x00000245cb467fe0 Thread added: 0x00000245cb48e210
Event: 0.185 Thread 0x00000245ab67c7a0 Thread added: 0x00000245cb7328f0
Event: 0.185 Thread 0x00000245ab67c7a0 Thread added: 0x00000245cb733370
Event: 0.187 Thread 0x00000245cb48f680 Thread added: 0x00000245cb490af0
Event: 0.231 Thread 0x00000245cb490420 Thread added: 0x00000245cb48e8e0
Event: 0.497 Thread 0x00000245cb48e8e0 Thread exited: 0x00000245cb48e8e0
Event: 0.561 Thread 0x00000245cb490420 Thread added: 0x00000245cb48e8e0
Event: 0.561 Thread 0x00000245cb490420 Thread added: 0x00000245cb48efb0
Event: 0.562 Thread 0x00000245cb490420 Thread added: 0x00000246113ceee0
Event: 0.666 Thread 0x00000245cb458de0 Thread added: 0x0000024611b7f8b0
Event: 0.692 Thread 0x0000024611b7f8b0 Thread added: 0x000002461157d310
Event: 0.721 Thread 0x000002461157d310 Thread added: 0x00000246115b85f0
Event: 0.745 Thread 0x000002461157d310 Thread added: 0x0000024611398900
Event: 1.274 Thread 0x00000246113ceee0 Thread exited: 0x00000246113ceee0
Event: 1.274 Thread 0x00000245cb48efb0 Thread exited: 0x00000245cb48efb0
Event: 1.274 Thread 0x00000245cb48e8e0 Thread exited: 0x00000245cb48e8e0
Event: 1.274 Thread 0x00000245cb48e210 Thread exited: 0x00000245cb48e210
Event: 4.400 Thread 0x00000245cb490af0 Thread exited: 0x00000245cb490af0
Event: 4.436 Thread 0x00000245cb48f680 Thread exited: 0x00000245cb48f680
Event: 4.436 Thread 0x00000245cb490420 Thread exited: 0x00000245cb490420


Dynamic libraries:
0x00007ff6470d0000 - 0x00007ff6470de000 	C:\Users\ertec\.jdks\openjdk-23.0.2\bin\java.exe
0x00007ffe8c430000 - 0x00007ffe8c628000 	C:\WINDOWS\SYSTEM32\ntdll.dll
0x00007ffe8ba30000 - 0x00007ffe8baf2000 	C:\WINDOWS\System32\KERNEL32.DLL
0x00007ffe89d50000 - 0x00007ffe8a046000 	C:\WINDOWS\System32\KERNELBASE.dll
0x00007ffe8a0d0000 - 0x00007ffe8a1d0000 	C:\WINDOWS\System32\ucrtbase.dll
0x00007ffe78da0000 - 0x00007ffe78db7000 	C:\Users\ertec\.jdks\openjdk-23.0.2\bin\jli.dll
0x00007ffe78890000 - 0x00007ffe788ab000 	C:\Users\ertec\.jdks\openjdk-23.0.2\bin\VCRUNTIME140.dll
0x00007ffe8b880000 - 0x00007ffe8ba21000 	C:\WINDOWS\System32\USER32.dll
0x00007ffe79b00000 - 0x00007ffe79d9b000 	C:\WINDOWS\WinSxS\amd64_microsoft.windows.common-controls_6595b64144ccf1df_6.0.19041.6456_none_60b8a6cb71f64256\COMCTL32.dll
0x00007ffe8a050000 - 0x00007ffe8a072000 	C:\WINDOWS\System32\win32u.dll
0x00007ffe8c010000 - 0x00007ffe8c0ae000 	C:\WINDOWS\System32\msvcrt.dll
0x00007ffe8bdb0000 - 0x00007ffe8bddb000 	C:\WINDOWS\System32\GDI32.dll
0x00007ffe8a1d0000 - 0x00007ffe8a2e9000 	C:\WINDOWS\System32\gdi32full.dll
0x00007ffe89c00000 - 0x00007ffe89c9d000 	C:\WINDOWS\System32\msvcp_win.dll
0x00007ffe8be50000 - 0x00007ffe8be7f000 	C:\WINDOWS\System32\IMM32.DLL
0x00007ffe86840000 - 0x00007ffe8684c000 	C:\Users\ertec\.jdks\openjdk-23.0.2\bin\vcruntime140_1.dll
0x00007ffe78800000 - 0x00007ffe7888e000 	C:\Users\ertec\.jdks\openjdk-23.0.2\bin\msvcp140.dll
0x00007ffe3d6d0000 - 0x00007ffe3e420000 	C:\Users\ertec\.jdks\openjdk-23.0.2\bin\server\jvm.dll
0x00007ffe8c210000 - 0x00007ffe8c2c1000 	C:\WINDOWS\System32\ADVAPI32.dll
0x00007ffe8bb00000 - 0x00007ffe8bb9f000 	C:\WINDOWS\System32\sechost.dll
0x00007ffe8bc90000 - 0x00007ffe8bdb0000 	C:\WINDOWS\System32\RPCRT4.dll
0x00007ffe89ac0000 - 0x00007ffe89ae7000 	C:\WINDOWS\System32\bcrypt.dll
0x00007ffe8c180000 - 0x00007ffe8c1eb000 	C:\WINDOWS\System32\WS2_32.dll
0x00007ffe89920000 - 0x00007ffe8996b000 	C:\WINDOWS\SYSTEM32\POWRPROF.dll
0x00007ffe7e960000 - 0x00007ffe7e987000 	C:\WINDOWS\SYSTEM32\WINMM.dll
0x00007ffe82ca0000 - 0x00007ffe82caa000 	C:\WINDOWS\SYSTEM32\VERSION.dll
0x00007ffe89850000 - 0x00007ffe89862000 	C:\WINDOWS\SYSTEM32\UMPDC.dll
0x00007ffe882c0000 - 0x00007ffe882d2000 	C:\WINDOWS\SYSTEM32\kernel.appcore.dll
0x00007ffe787f0000 - 0x00007ffe787fa000 	C:\Users\ertec\.jdks\openjdk-23.0.2\bin\jimage.dll
0x00007ffe87740000 - 0x00007ffe87941000 	C:\WINDOWS\SYSTEM32\DBGHELP.DLL
0x00007ffe6b070000 - 0x00007ffe6b0a4000 	C:\WINDOWS\SYSTEM32\dbgcore.DLL
0x00007ffe89b70000 - 0x00007ffe89bf2000 	C:\WINDOWS\System32\bcryptPrimitives.dll
0x00007ffe7b0f0000 - 0x00007ffe7b0ff000 	C:\Users\ertec\.jdks\openjdk-23.0.2\bin\instrument.dll
0x00007ffe787d0000 - 0x00007ffe787ee000 	C:\Users\ertec\.jdks\openjdk-23.0.2\bin\java.dll
0x00007ffe8bee0000 - 0x00007ffe8c00b000 	C:\WINDOWS\System32\ole32.dll
0x00007ffe8b520000 - 0x00007ffe8b874000 	C:\WINDOWS\System32\combase.dll
0x00007ffe8a450000 - 0x00007ffe8abc0000 	C:\WINDOWS\System32\SHELL32.dll
0x00007ffe87950000 - 0x00007ffe880f5000 	C:\WINDOWS\SYSTEM32\windows.storage.dll
0x00007ffe89480000 - 0x00007ffe894ab000 	C:\WINDOWS\SYSTEM32\Wldp.dll
0x00007ffe8b2a0000 - 0x00007ffe8b36d000 	C:\WINDOWS\System32\OLEAUT32.dll
0x00007ffe8c0d0000 - 0x00007ffe8c17d000 	C:\WINDOWS\System32\SHCORE.dll
0x00007ffe8bdf0000 - 0x00007ffe8be4b000 	C:\WINDOWS\System32\shlwapi.dll
0x00007ffe899f0000 - 0x00007ffe89a14000 	C:\WINDOWS\SYSTEM32\profapi.dll
0x00007ffe4d0e0000 - 0x00007ffe4d1b7000 	C:\Users\ertec\.jdks\openjdk-23.0.2\bin\jsvml.dll
0x00007ffe64df0000 - 0x00007ffe64e07000 	C:\Users\ertec\.jdks\openjdk-23.0.2\bin\zip.dll
0x00007ffe787c0000 - 0x00007ffe787d0000 	C:\Users\ertec\.jdks\openjdk-23.0.2\bin\net.dll
0x00007ffe89170000 - 0x00007ffe891da000 	C:\WINDOWS\system32\mswsock.dll
0x00007ffe787a0000 - 0x00007ffe787b6000 	C:\Users\ertec\.jdks\openjdk-23.0.2\bin\nio.dll
0x00007ffe78ff0000 - 0x00007ffe7900a000 	C:\Program Files\JetBrains\IntelliJ IDEA 2024.3.2\bin\breakgen64.dll
0x00007ffe78790000 - 0x00007ffe78799000 	C:\Users\ertec\.jdks\openjdk-23.0.2\bin\extnet.dll
0x00007ffe88e90000 - 0x00007ffe88f5a000 	C:\WINDOWS\SYSTEM32\DNSAPI.dll
0x00007ffe88e50000 - 0x00007ffe88e8b000 	C:\WINDOWS\SYSTEM32\IPHLPAPI.DLL
0x00007ffe8c0c0000 - 0x00007ffe8c0c8000 	C:\WINDOWS\System32\NSI.dll
0x00007ffe7a6a0000 - 0x00007ffe7a6aa000 	C:\Windows\System32\rasadhlp.dll
0x00007ffe80a00000 - 0x00007ffe80a80000 	C:\WINDOWS\System32\fwpuclnt.dll
0x00007ffe81db0000 - 0x00007ffe81dbe000 	C:\Users\ertec\.jdks\openjdk-23.0.2\bin\sunmscapi.dll
0x00007ffe8a2f0000 - 0x00007ffe8a44d000 	C:\WINDOWS\System32\CRYPT32.dll
0x00007ffe894f0000 - 0x00007ffe89517000 	C:\WINDOWS\SYSTEM32\ncrypt.dll
0x00007ffe894b0000 - 0x00007ffe894eb000 	C:\WINDOWS\SYSTEM32\NTASN1.dll
0x00007ffe7ad00000 - 0x00007ffe7ad0a000 	C:\Users\ertec\.jdks\openjdk-23.0.2\bin\management.dll
0x00007ffe79a10000 - 0x00007ffe79a1b000 	C:\Users\ertec\.jdks\openjdk-23.0.2\bin\management_ext.dll
0x00007ffe8c0b0000 - 0x00007ffe8c0b8000 	C:\WINDOWS\System32\PSAPI.DLL
0x00007ffe65710000 - 0x00007ffe65717000 	C:\WINDOWS\system32\wshunix.dll
0x00007ffe89370000 - 0x00007ffe89388000 	C:\WINDOWS\SYSTEM32\CRYPTSP.dll
0x00007ffe88a60000 - 0x00007ffe88a98000 	C:\WINDOWS\system32\rsaenh.dll
0x00007ffe89970000 - 0x00007ffe8999e000 	C:\WINDOWS\SYSTEM32\USERENV.dll
0x00007ffe89360000 - 0x00007ffe8936c000 	C:\WINDOWS\SYSTEM32\CRYPTBASE.dll
0x00007ffe546c0000 - 0x00007ffe546d7000 	C:\WINDOWS\system32\napinsp.dll
0x00007ffe546a0000 - 0x00007ffe546bb000 	C:\WINDOWS\system32\pnrpnsp.dll
0x00007ffe84ae0000 - 0x00007ffe84afd000 	C:\WINDOWS\system32\NLAapi.dll
0x00007ffe58130000 - 0x00007ffe5814d000 	C:\WINDOWS\system32\wshbth.dll
0x00007ffe54680000 - 0x00007ffe54692000 	C:\WINDOWS\System32\winrnr.dll
0x00007ffe73b10000 - 0x00007ffe73b61000 	C:\WINDOWS\SYSTEM32\pdh.dll
0x00007ffe86850000 - 0x00007ffe8685f000 	C:\WINDOWS\System32\perfproc.dll
0x00007ffe6c680000 - 0x00007ffe6c68f000 	C:\WINDOWS\System32\perfos.dll
0x00007ffe6ee00000 - 0x00007ffe6ee10000 	C:\Users\ertec\.jdks\openjdk-23.0.2\bin\verify.dll

dbghelp: loaded successfully - version: 4.0.5 - missing functions: none
symbol engine: initialized successfully - sym options: 0x614 - pdb path: .;C:\Users\ertec\.jdks\openjdk-23.0.2\bin;C:\WINDOWS\SYSTEM32;C:\WINDOWS\WinSxS\amd64_microsoft.windows.common-controls_6595b64144ccf1df_6.0.19041.6456_none_60b8a6cb71f64256;C:\Users\ertec\.jdks\openjdk-23.0.2\bin\server;C:\Program Files\JetBrains\IntelliJ IDEA 2024.3.2\bin

VM Arguments:
jvm_args: -javaagent:C:\Program Files\JetBrains\IntelliJ IDEA 2024.3.2\lib\idea_rt.jar=60328:C:\Program Files\JetBrains\IntelliJ IDEA 2024.3.2\bin -Dfile.encoding=UTF-8 -Dsun.stdout.encoding=UTF-8 -Dsun.stderr.encoding=UTF-8 
java_command: socks.SocksProxy 1080
java_class_path (initial): C:\nets2\lab5\target\classes;C:\Users\ertec\.m2\repository\dnsjava\dnsjava\3.5.2\dnsjava-3.5.2.jar;C:\Users\ertec\.m2\repository\org\slf4j\slf4j-api\1.7.36\slf4j-api-1.7.36.jar
Launcher Type: SUN_STANDARD

[Global flags]
     intx CICompilerCount                          = 12                                        {product} {ergonomic}
     uint ConcGCThreads                            = 3                                         {product} {ergonomic}
     uint G1ConcRefinementThreads                  = 13                                        {product} {ergonomic}
   size_t G1HeapRegionSize                         = 2097152                                   {product} {ergonomic}
   size_t InitialHeapSize                          = 257949696                                 {product} {ergonomic}
   size_t MarkStackSize                            = 4194304                                   {product} {ergonomic}
   size_t MarkStackSizeMax                         = 536870912                                 {product} {ergonomic}
   size_t MaxHeapSize                              = 4118806528                                {product} {ergonomic}
   size_t MaxNewSize                               = 2470445056                                {product} {ergonomic}
   size_t MinHeapDeltaBytes                        = 2097152                                   {product} {ergonomic}
   size_t MinHeapSize                              = 8388608                                   {product} {ergonomic}
    uintx NonNMethodCodeHeapSize                   = 7602176                                {pd product} {ergonomic}
    uintx NonProfiledCodeHeapSize                  = 122093568                              {pd product} {ergonomic}
    uintx ProfiledCodeHeapSize                     = 121962496                              {pd product} {ergonomic}
    uintx ReservedCodeCacheSize                    = 251658240                              {pd product} {ergonomic}
     bool SegmentedCodeCache                       = true                                      {product} {ergonomic}
   size_t SoftMaxHeapSize                          = 4118806528                             {manageable} {ergonomic}
     bool UseCompressedOops                        = true                           {product lp64_product} {ergonomic}
     bool UseG1GC                                  = true                                      {product} {ergonomic}
     bool UseLargePagesIndividualAllocation        = false                                  {pd product} {ergonomic}

Logging:
Log output configuration:
 #0: stdout all=warning uptime,level,tags foldmultilines=false
 #1: stderr all=off uptime,level,tags foldmultilines=false

Environment Variables:
PATH=C:\Program Files (x86)\NVIDIA Corporation\PhysX\Common;C:\Program Files (x86)\Common Files\Oracle\Java\javapath;C:\WINDOWS\system32;C:\WINDOWS;C:\WINDOWS\System32\Wbem;C:\WINDOWS\System32\WindowsPowerShell\v1.0\;C:\WINDOWS\System32\OpenSSH\;C:\Program Files\Cloudflare\Cloudflare WARP\;C:\Strawberry\c\bin;C:\Strawberry\perl\site\bin;C:\Strawberry\perl\bin;C:\Program Files\dotnet\;C:\Users\ertec\AppData\Local\Programs\Python\Launcher\;C:\Users\ertec\AppData\Local\Microsoft\WindowsApps;C:\MinGW\bin;C:\Users\ertec\AppData\Local\Programs\Microsoft VS Code\bin;C:\Users\ertec\AppData\Local\Programs\MiKTeX\miktex\bin\x64\;C:\Program Files\JetBrains\IntelliJ IDEA 2024.3.2\bin;
USERNAME=ertec
OS=Windows_NT
PROCESSOR_IDENTIFIER=AMD64 Family 23 Model 104 Stepping 1, AuthenticAMD
TMP=C:\Users\ertec\AppData\Local\Temp
TEMP=C:\Users\ertec\AppData\Local\Temp




Periodic native trim disabled

---------------  S Y S T E M  ---------------

OS:
 Windows 10 , 64 bit Build 19041 (10.0.19041.5915)
OS uptime: 0 days 5:10 hours
Hyper-V role detected

CPU: total 16 (initial active 16) (16 cores per cpu, 2 threads per core) family 23 model 104 stepping 1 microcode 0x0, cx8, cmov, fxsr, ht, mmx, 3dnowpref, sse, sse2, sse3, ssse3, sse4a, sse4.1, sse4.2, popcnt, lzcnt, tsc, tscinvbit, avx, avx2, aes, clmul, bmi1, bmi2, adx, sha, fma, vzeroupper, clflush, clflushopt, hv, rdtscp, rdpid, f16c
Processor Information for processor 0
  Max Mhz: 1801, Current Mhz: 1801, Mhz Limit: 1801
Processor Information for processor 1
  Max Mhz: 1801, Current Mhz: 1801, Mhz Limit: 1801
Processor Information for processor 2
  Max Mhz: 1801, Current Mhz: 1801, Mhz Limit: 1801
Processor Information for processor 3
  Max Mhz: 1801, Current Mhz: 1801, Mhz Limit: 1801
Processor Information for processor 4
  Max Mhz: 1801, Current Mhz: 1801, Mhz Limit: 1801
Processor Information for processor 5
  Max Mhz: 1801, Current Mhz: 1801, Mhz Limit: 1801
Processor Information for processor 6
  Max Mhz: 1801, Current Mhz: 1801, Mhz Limit: 1801
Processor Information for processor 7
  Max Mhz: 1801, Current Mhz: 1801, Mhz Limit: 1801
Processor Information for processor 8
  Max Mhz: 1801, Current Mhz: 1698, Mhz Limit: 1801
Processor Information for processor 9
  Max Mhz: 1801, Current Mhz: 1698, Mhz Limit: 1801
Processor Information for processor 10
  Max Mhz: 1801, Current Mhz: 1766, Mhz Limit: 1801
Processor Information for processor 11
  Max Mhz: 1801, Current Mhz: 1766, Mhz Limit: 1801
Processor Information for processor 12
  Max Mhz: 1801, Current Mhz: 1698, Mhz Limit: 1801
Processor Information for processor 13
  Max Mhz: 1801, Current Mhz: 1698, Mhz Limit: 1801
Processor Information for processor 14
  Max Mhz: 1801, Current Mhz: 1698, Mhz Limit: 1801
Processor Information for processor 15
  Max Mhz: 1801, Current Mhz: 1698, Mhz Limit: 1801

Memory: 4k page, system-wide physical 15709M (2614M free)
TotalPageFile size 15709M (AvailPageFile size 3M)
current process WorkingSet (physical memory assigned to process): 80M, peak: 80M
current process commit charge ("private bytes"): 365M, peak: 367M

vm_info: OpenJDK 64-Bit Server VM (23.0.2+7-58) for windows-amd64 JRE (23.0.2+7-58), built on 2024-11-29T09:34:55Z with MS VC++ 17.6 (VS2022)

END.
